{"numTotalTestSuites":529,"numPassedTestSuites":511,"numFailedTestSuites":18,"numPendingTestSuites":0,"numTotalTests":1751,"numPassedTests":1737,"numFailedTests":14,"numPendingTests":0,"numTodoTests":0,"snapshot":{"added":0,"failure":false,"filesAdded":0,"filesRemoved":0,"filesRemovedList":[],"filesUnmatched":0,"filesUpdated":0,"matched":0,"total":0,"unchecked":0,"uncheckedKeysByFile":[],"unmatched":0,"updated":0,"didUpdate":false},"startTime":1774318610797,"success":false,"testResults":[{"assertionResults":[{"ancestorTitles":["CognitionSurfaceMapper"],"fullName":"CognitionSurfaceMapper maps a full snapshot to a valid surface payload","status":"passed","title":"maps a full snapshot to a valid surface payload","duration":4.252500000000055,"failureMessages":[],"meta":{},"tags":[]},{"ancestorTitles":["CognitionSurfaceMapper"],"fullName":"CognitionSurfaceMapper produces a fallback payload when snapshot is null","status":"passed","title":"produces a fallback payload when snapshot is null","duration":1.4745000000000346,"failureMessages":[],"meta":{},"tags":[]},{"ancestorTitles":["CognitionSurfaceMapper"],"fullName":"CognitionSurfaceMapper includes mode badge with correct label","status":"passed","title":"includes mode badge with correct label","duration":0.5244000000000142,"failureMessages":[],"meta":{},"tags":[]},{"ancestorTitles":["CognitionSurfaceMapper"],"fullName":"CognitionSurfaceMapper shows memory suppression when retrieval is suppressed","status":"passed","title":"shows memory suppression when retrieval is suppressed","duration":0.5172000000000025,"failureMessages":[],"meta":{},"tags":[]},{"ancestorTitles":["CognitionSurfaceMapper"],"fullName":"CognitionSurfaceMapper shows astro unavailable notice when astro is down","status":"passed","title":"shows astro unavailable notice when astro is down","duration":0.35379999999997835,"failureMessages":[],"meta":{},"tags":[]},{"ancestorTitles":["WorldSurfaceMapper"],"fullName":"WorldSurfaceMapper maps a full world model to a valid surface payload","status":"passed","title":"maps a full world model to a valid surface payload","duration":1.0008000000000266,"failureMessages":[],"meta":{},"tags":[]},{"ancestorTitles":["WorldSurfaceMapper"],"fullName":"WorldSurfaceMapper produces a fallback payload when world model is null","status":"passed","title":"produces a fallback payload when world model is null","duration":0.33590000000003783,"failureMessages":[],"meta":{},"tags":[]},{"ancestorTitles":["WorldSurfaceMapper"],"fullName":"WorldSurfaceMapper shows workspace root when resolved","status":"passed","title":"shows workspace root when resolved","duration":0.5131999999999834,"failureMessages":[],"meta":{},"tags":[]},{"ancestorTitles":["WorldSurfaceMapper"],"fullName":"WorldSurfaceMapper shows no-git notice when git unavailable","status":"passed","title":"shows no-git notice when git unavailable","duration":0.8150000000000546,"failureMessages":[],"meta":{},"tags":[]},{"ancestorTitles":["WorldSurfaceMapper"],"fullName":"WorldSurfaceMapper shows immediate task in user goal section","status":"passed","title":"shows immediate task in user goal section","duration":0.45240000000001146,"failureMessages":[],"meta":{},"tags":[]},{"ancestorTitles":["MaintenanceSurfaceMapper"],"fullName":"MaintenanceSurfaceMapper maps a full maintenance summary to a valid surface payload","status":"passed","title":"maps a full maintenance summary to a valid surface payload","duration":0.8800999999999704,"failureMessages":[],"meta":{},"tags":[]},{"ancestorTitles":["MaintenanceSurfaceMapper"],"fullName":"MaintenanceSurfaceMapper produces a fallback payload when summary is null","status":"passed","title":"produces a fallback payload when summary is null","duration":0.2540000000000191,"failureMessages":[],"meta":{},"tags":[]},{"ancestorTitles":["MaintenanceSurfaceMapper"],"fullName":"MaintenanceSurfaceMapper shows maintenance mode badge","status":"passed","title":"shows maintenance mode badge","duration":0.24959999999998672,"failureMessages":[],"meta":{},"tags":[]},{"ancestorTitles":["MaintenanceSurfaceMapper"],"fullName":"MaintenanceSurfaceMapper shows no issues text when no active issues","status":"passed","title":"shows no issues text when no active issues","duration":0.24749999999994543,"failureMessages":[],"meta":{},"tags":[]},{"ancestorTitles":["MaintenanceSurfaceMapper"],"fullName":"MaintenanceSurfaceMapper includes run_maintenance_check button action","status":"passed","title":"includes run_maintenance_check button action","duration":0.22670000000005075,"failureMessages":[],"meta":{},"tags":[]},{"ancestorTitles":["MaintenanceSurfaceMapper"],"fullName":"MaintenanceSurfaceMapper shows active issues table when issues exist","status":"passed","title":"shows active issues table when issues exist","duration":0.4944999999999027,"failureMessages":[],"meta":{},"tags":[]},{"ancestorTitles":["A2UIWorkspaceRouter"],"fullName":"A2UIWorkspaceRouter emits agent-event with a2ui-surface-open type for cognition","status":"passed","title":"emits agent-event with a2ui-surface-open type for cognition","duration":6.505999999999972,"failureMessages":[],"meta":{},"tags":[]},{"ancestorTitles":["A2UIWorkspaceRouter"],"fullName":"A2UIWorkspaceRouter emits agent-event for world surface","status":"passed","title":"emits agent-event for world surface","duration":1.3892000000000735,"failureMessages":[],"meta":{},"tags":[]},{"ancestorTitles":["A2UIWorkspaceRouter"],"fullName":"A2UIWorkspaceRouter emits agent-event for maintenance surface","status":"passed","title":"emits agent-event for maintenance surface","duration":0.9055000000000746,"failureMessages":[],"meta":{},"tags":[]},{"ancestorTitles":["A2UIWorkspaceRouter"],"fullName":"A2UIWorkspaceRouter emits a2ui_surface_open_requested telemetry","status":"passed","title":"emits a2ui_surface_open_requested telemetry","duration":1.050899999999956,"failureMessages":[],"meta":{},"tags":[]},{"ancestorTitles":["A2UIWorkspaceRouter"],"fullName":"A2UIWorkspaceRouter emits a2ui_surface_opened telemetry on success","status":"passed","title":"emits a2ui_surface_opened telemetry on success","duration":1.344000000000051,"failureMessages":[],"meta":{},"tags":[]},{"ancestorTitles":["A2UIWorkspaceRouter"],"fullName":"A2UIWorkspaceRouter returns null and emits failure telemetry when window is destroyed","status":"passed","title":"returns null and emits failure telemetry when window is destroyed","duration":1.062599999999975,"failureMessages":[],"meta":{},"tags":[]},{"ancestorTitles":["A2UIWorkspaceRouter"],"fullName":"A2UIWorkspaceRouter uses stable tab ID for cognition surface","status":"passed","title":"uses stable tab ID for cognition surface","duration":0.9897999999999456,"failureMessages":[],"meta":{},"tags":[]},{"ancestorTitles":["A2UIWorkspaceRouter"],"fullName":"A2UIWorkspaceRouter isSurfaceOpen returns true after opening","status":"passed","title":"isSurfaceOpen returns true after opening","duration":0.6979999999999791,"failureMessages":[],"meta":{},"tags":[]},{"ancestorTitles":["A2UIWorkspaceRouter"],"fullName":"A2UIWorkspaceRouter getDiagnosticsSummary reflects open surfaces","status":"passed","title":"getDiagnosticsSummary reflects open surfaces","duration":1.2490999999999985,"failureMessages":[],"meta":{},"tags":[]},{"ancestorTitles":["A2UIWorkspaceRouter"],"fullName":"A2UIWorkspaceRouter falls back gracefully when world model is unavailable","status":"passed","title":"falls back gracefully when world model is unavailable","duration":0.8351999999999862,"failureMessages":[],"meta":{},"tags":[]},{"ancestorTitles":["A2UIActionBridge"],"fullName":"A2UIActionBridge rejects actions not in the allowlist","status":"passed","title":"rejects actions not in the allowlist","duration":0.9543999999999642,"failureMessages":[],"meta":{},"tags":[]},{"ancestorTitles":["A2UIActionBridge"],"fullName":"A2UIActionBridge dispatches open_cognition_surface successfully","status":"passed","title":"dispatches open_cognition_surface successfully","duration":0.9284000000000106,"failureMessages":[],"meta":{},"tags":[]},{"ancestorTitles":["A2UIActionBridge"],"fullName":"A2UIActionBridge dispatches open_world_surface successfully","status":"passed","title":"dispatches open_world_surface successfully","duration":0.653699999999958,"failureMessages":[],"meta":{},"tags":[]},{"ancestorTitles":["A2UIActionBridge"],"fullName":"A2UIActionBridge dispatches run_maintenance_check and refreshes surface","status":"passed","title":"dispatches run_maintenance_check and refreshes surface","duration":0.9162999999999784,"failureMessages":[],"meta":{},"tags":[]},{"ancestorTitles":["A2UIActionBridge"],"fullName":"A2UIActionBridge dispatches switch_maintenance_mode with valid mode","status":"passed","title":"dispatches switch_maintenance_mode with valid mode","duration":0.7287000000000035,"failureMessages":[],"meta":{},"tags":[]},{"ancestorTitles":["A2UIActionBridge"],"fullName":"A2UIActionBridge rejects switch_maintenance_mode with invalid mode","status":"passed","title":"rejects switch_maintenance_mode with invalid mode","duration":0.5276000000000067,"failureMessages":[],"meta":{},"tags":[]},{"ancestorTitles":["A2UIActionBridge"],"fullName":"A2UIActionBridge emits a2ui_action_received telemetry on dispatch","status":"passed","title":"emits a2ui_action_received telemetry on dispatch","duration":0.6134999999999309,"failureMessages":[],"meta":{},"tags":[]},{"ancestorTitles":["A2UIActionBridge"],"fullName":"A2UIActionBridge emits a2ui_action_validated telemetry for allowlisted action","status":"passed","title":"emits a2ui_action_validated telemetry for allowlisted action","duration":0.5353000000000065,"failureMessages":[],"meta":{},"tags":[]},{"ancestorTitles":["A2UIActionBridge"],"fullName":"A2UIActionBridge emits a2ui_action_executed telemetry on success","status":"passed","title":"emits a2ui_action_executed telemetry on success","duration":0.5962999999999283,"failureMessages":[],"meta":{},"tags":[]},{"ancestorTitles":["A2UIActionBridge"],"fullName":"A2UIActionBridge returns service_unavailable when maintenance service missing","status":"passed","title":"returns service_unavailable when maintenance service missing","duration":0.4674999999999727,"failureMessages":[],"meta":{},"tags":[]},{"ancestorTitles":["A2UIActionBridge"],"fullName":"A2UIActionBridge getActionCounts increments dispatched count","status":"passed","title":"getActionCounts increments dispatched count","duration":1.0855000000000246,"failureMessages":[],"meta":{},"tags":[]},{"ancestorTitles":["Workspace UX Rules"],"fullName":"Workspace UX Rules all surface tabIds start with a2ui: prefix (editor-pane-first)","status":"passed","title":"all surface tabIds start with a2ui: prefix (editor-pane-first)","duration":0.6191000000000031,"failureMessages":[],"meta":{},"tags":[]},{"ancestorTitles":["Workspace UX Rules"],"fullName":"Workspace UX Rules surface payloads carry assembledAt timestamp","status":"passed","title":"surface payloads carry assembledAt timestamp","duration":0.9116999999999962,"failureMessages":[],"meta":{},"tags":[]},{"ancestorTitles":["Workspace UX Rules"],"fullName":"Workspace UX Rules surface payloads are JSON-serializable (IPC-safe)","status":"passed","title":"surface payloads are JSON-serializable (IPC-safe)","duration":0.3871000000000322,"failureMessages":[],"meta":{},"tags":[]},{"ancestorTitles":["Workspace UX Rules"],"fullName":"Workspace UX Rules router does not emit webContents.send to chat channel","status":"passed","title":"router does not emit webContents.send to chat channel","duration":0.5448999999999842,"failureMessages":[],"meta":{},"tags":[]}],"startTime":1774318612215,"endTime":1774318612255.545,"status":"passed","message":"","name":"D:/src/client1/tala-app/tests/A2UISurfaces.test.ts"},{"assertionResults":[{"ancestorTitles":["AffectiveGraphIntegration — IpcRouter composition path (Step 6E)"],"fullName":"AffectiveGraphIntegration — IpcRouter composition path (Step 6E) assembles context without affective items when astroSeam is null (Astro unavailable)","status":"passed","title":"assembles context without affective items when astroSeam is null (Astro unavailable)","duration":8.701299999999947,"failureMessages":[],"meta":{},"tags":[]},{"ancestorTitles":["AffectiveGraphIntegration — IpcRouter composition path (Step 6E)"],"fullName":"AffectiveGraphIntegration — IpcRouter composition path (Step 6E) does not throw when astroSeam is null","status":"passed","title":"does not throw when astroSeam is null","duration":2.5844999999999914,"failureMessages":[],"meta":{},"tags":[]},{"ancestorTitles":["AffectiveGraphIntegration — IpcRouter composition path (Step 6E)"],"fullName":"AffectiveGraphIntegration — IpcRouter composition path (Step 6E) returns no affective items when Astro seam is not ready","status":"passed","title":"returns no affective items when Astro seam is not ready","duration":1.5378000000000043,"failureMessages":[],"meta":{},"tags":[]},{"ancestorTitles":["AffectiveGraphIntegration — IpcRouter composition path (Step 6E)"],"fullName":"AffectiveGraphIntegration — IpcRouter composition path (Step 6E) includes affective items in graph_assisted mode when Astro is ready and policy enabled","status":"passed","title":"includes affective items in graph_assisted mode when Astro is ready and policy enabled","duration":2.1071000000000026,"failureMessages":[],"meta":{},"tags":[]},{"ancestorTitles":["AffectiveGraphIntegration — IpcRouter composition path (Step 6E)"],"fullName":"AffectiveGraphIntegration — IpcRouter composition path (Step 6E) includes affective items in exploratory mode when Astro is ready and policy enabled","status":"passed","title":"includes affective items in exploratory mode when Astro is ready and policy enabled","duration":1.81959999999998,"failureMessages":[],"meta":{},"tags":[]},{"ancestorTitles":["AffectiveGraphIntegration — IpcRouter composition path (Step 6E)"],"fullName":"AffectiveGraphIntegration — IpcRouter composition path (Step 6E) excludes affective items in strict mode even when Astro is ready and policy enables them","status":"passed","title":"excludes affective items in strict mode even when Astro is ready and policy enables them","duration":0.8920999999999708,"failureMessages":[],"meta":{},"tags":[]},{"ancestorTitles":["AffectiveGraphIntegration — IpcRouter composition path (Step 6E)"],"fullName":"AffectiveGraphIntegration — IpcRouter composition path (Step 6E) excludes all graph_context items (structural and affective) in strict mode","status":"passed","title":"excludes all graph_context items (structural and affective) in strict mode","duration":0.8143000000000029,"failureMessages":[],"meta":{},"tags":[]},{"ancestorTitles":["AffectiveGraphIntegration — IpcRouter composition path (Step 6E)"],"fullName":"AffectiveGraphIntegration — IpcRouter composition path (Step 6E) returns no affective items when affectiveModulation.enabled = false even if Astro is ready","status":"passed","title":"returns no affective items when affectiveModulation.enabled = false even if Astro is ready","duration":0.7622000000000071,"failureMessages":[],"meta":{},"tags":[]},{"ancestorTitles":["AffectiveGraphIntegration — IpcRouter composition path (Step 6E)"],"fullName":"AffectiveGraphIntegration — IpcRouter composition path (Step 6E) preserves evidence ordering when affective items are present","status":"passed","title":"preserves evidence ordering when affective items are present","duration":1.411200000000008,"failureMessages":[],"meta":{},"tags":[]},{"ancestorTitles":["AffectiveGraphIntegration — IpcRouter composition path (Step 6E)"],"fullName":"AffectiveGraphIntegration — IpcRouter composition path (Step 6E) affective items are never classified as evidence","status":"passed","title":"affective items are never classified as evidence","duration":1.7244000000000028,"failureMessages":[],"meta":{},"tags":[]},{"ancestorTitles":["AffectiveGraphIntegration — IpcRouter composition path (Step 6E)"],"fullName":"AffectiveGraphIntegration — IpcRouter composition path (Step 6E) renderPromptBlocks includes [AFFECTIVE CONTEXT] section when affective items are present","status":"passed","title":"renderPromptBlocks includes [AFFECTIVE CONTEXT] section when affective items are present","duration":1.1218000000000075,"failureMessages":[],"meta":{},"tags":[]},{"ancestorTitles":["AffectiveGraphIntegration — IpcRouter composition path (Step 6E)"],"fullName":"AffectiveGraphIntegration — IpcRouter composition path (Step 6E) renderPromptBlocks omits [AFFECTIVE CONTEXT] when astroSeam is null","status":"passed","title":"renderPromptBlocks omits [AFFECTIVE CONTEXT] when astroSeam is null","duration":0.5231999999999744,"failureMessages":[],"meta":{},"tags":[]},{"ancestorTitles":["AffectiveGraphIntegration — IpcRouter composition path (Step 6E)"],"fullName":"AffectiveGraphIntegration — IpcRouter composition path (Step 6E) renderPromptBlocks omits [AFFECTIVE CONTEXT] in strict mode","status":"passed","title":"renderPromptBlocks omits [AFFECTIVE CONTEXT] in strict mode","duration":0.5611999999999853,"failureMessages":[],"meta":{},"tags":[]},{"ancestorTitles":["AffectiveGraphIntegration — IpcRouter composition path (Step 6E)"],"fullName":"AffectiveGraphIntegration — IpcRouter composition path (Step 6E) respects maxAffectiveNodes cap in graph_assisted mode","status":"passed","title":"respects maxAffectiveNodes cap in graph_assisted mode","duration":0.683400000000006,"failureMessages":[],"meta":{},"tags":[]},{"ancestorTitles":["AffectiveGraphIntegration — IpcRouter composition path (Step 6E)"],"fullName":"AffectiveGraphIntegration — IpcRouter composition path (Step 6E) gracefully degrades when AstroService.getEmotionalState throws — no affective items, no crash, no warning","status":"passed","title":"gracefully degrades when AstroService.getEmotionalState throws — no affective items, no crash, no warning","duration":1.0254000000000474,"failureMessages":[],"meta":{},"tags":[]},{"ancestorTitles":["AffectiveGraphIntegration — IpcRouter composition path (Step 6E)"],"fullName":"AffectiveGraphIntegration — IpcRouter composition path (Step 6E) matches evidence item count when Astro is absent vs not ready","status":"passed","title":"matches evidence item count when Astro is absent vs not ready","duration":0.9574999999999818,"failureMessages":[],"meta":{},"tags":[]}],"startTime":1774318612277,"endTime":1774318612304.9575,"status":"passed","message":"","name":"D:/src/client1/tala-app/tests/AffectiveGraphIntegration.test.ts"},{"assertionResults":[{"ancestorTitles":["AffectiveGraphService","strict groundingMode"],"fullName":"AffectiveGraphService strict groundingMode returns empty array regardless of policy flags","status":"passed","title":"returns empty array regardless of policy flags","duration":4.13330000000002,"failureMessages":[],"meta":{},"tags":[]},{"ancestorTitles":["AffectiveGraphService","affectiveModulation absent on policy"],"fullName":"AffectiveGraphService affectiveModulation absent on policy returns empty array when affectiveModulation is undefined","status":"passed","title":"returns empty array when affectiveModulation is undefined","duration":0.6248999999999683,"failureMessages":[],"meta":{},"tags":[]},{"ancestorTitles":["AffectiveGraphService","affectiveModulation.enabled === false"],"fullName":"AffectiveGraphService affectiveModulation.enabled === false returns empty array","status":"passed","title":"returns empty array","duration":0.6313999999999851,"failureMessages":[],"meta":{},"tags":[]},{"ancestorTitles":["AffectiveGraphService","maxAffectiveNodes === 0"],"fullName":"AffectiveGraphService maxAffectiveNodes === 0 returns empty array even when enabled is true","status":"passed","title":"returns empty array even when enabled is true","duration":0.6182000000000016,"failureMessages":[],"meta":{},"tags":[]},{"ancestorTitles":["AffectiveGraphService","AstroService not provided"],"fullName":"AffectiveGraphService AstroService not provided returns empty array when astroService is null","status":"passed","title":"returns empty array when astroService is null","duration":0.6221000000000458,"failureMessages":[],"meta":{},"tags":[]},{"ancestorTitles":["AffectiveGraphService","AstroService not ready"],"fullName":"AffectiveGraphService AstroService not ready returns empty array when getReadyStatus returns false","status":"passed","title":"returns empty array when getReadyStatus returns false","duration":0.7074000000000069,"failureMessages":[],"meta":{},"tags":[]},{"ancestorTitles":["AffectiveGraphService","neutral or offline state"],"fullName":"AffectiveGraphService neutral or offline state returns empty array for state: [ASTRO STATE]: Neutral (Engine offline)","status":"passed","title":"returns empty array for state: [ASTRO STATE]: Neutral (Engine offline)","duration":0.8022000000000276,"failureMessages":[],"meta":{},"tags":[]},{"ancestorTitles":["AffectiveGraphService","neutral or offline state"],"fullName":"AffectiveGraphService neutral or offline state returns empty array for state: [ASTRO STATE]: Error (Calculation failed)","status":"passed","title":"returns empty array for state: [ASTRO STATE]: Error (Calculation failed)","duration":0.45400000000000773,"failureMessages":[],"meta":{},"tags":[]},{"ancestorTitles":["AffectiveGraphService","neutral or offline state"],"fullName":"AffectiveGraphService neutral or offline state returns empty array for state: [ASTRO STATE]: Calculation returned no data","status":"passed","title":"returns empty array for state: [ASTRO STATE]: Calculation returned no data","duration":1.0923999999999978,"failureMessages":[],"meta":{},"tags":[]},{"ancestorTitles":["AffectiveGraphService","neutral or offline state"],"fullName":"AffectiveGraphService neutral or offline state returns empty array for state: ","status":"passed","title":"returns empty array for state: ","duration":0.5514999999999759,"failureMessages":[],"meta":{},"tags":[]},{"ancestorTitles":["AffectiveGraphService","getEmotionalState throws"],"fullName":"AffectiveGraphService getEmotionalState throws returns empty array and does not throw","status":"passed","title":"returns empty array and does not throw","duration":0.7059000000000424,"failureMessages":[],"meta":{},"tags":[]},{"ancestorTitles":["AffectiveGraphService","successful affective item production"],"fullName":"AffectiveGraphService successful affective item production returns items with selectionClass === graph_context","status":"passed","title":"returns items with selectionClass === graph_context","duration":0.9239999999999782,"failureMessages":[],"meta":{},"tags":[]},{"ancestorTitles":["AffectiveGraphService","successful affective item production"],"fullName":"AffectiveGraphService successful affective item production returns items with metadata.affective === true","status":"passed","title":"returns items with metadata.affective === true","duration":0.5766000000000417,"failureMessages":[],"meta":{},"tags":[]},{"ancestorTitles":["AffectiveGraphService","successful affective item production"],"fullName":"AffectiveGraphService successful affective item production returns items with graphEdgeType === modulates","status":"passed","title":"returns items with graphEdgeType === modulates","duration":0.45940000000001646,"failureMessages":[],"meta":{},"tags":[]},{"ancestorTitles":["AffectiveGraphService","successful affective item production"],"fullName":"AffectiveGraphService successful affective item production returns items with graphEdgeTrust === session_only","status":"passed","title":"returns items with graphEdgeTrust === session_only","duration":0.3986000000000445,"failureMessages":[],"meta":{},"tags":[]},{"ancestorTitles":["AffectiveGraphService","successful affective item production"],"fullName":"AffectiveGraphService successful affective item production produces an astro_state item as the first item","status":"passed","title":"produces an astro_state item as the first item","duration":0.4822000000000344,"failureMessages":[],"meta":{},"tags":[]},{"ancestorTitles":["AffectiveGraphService","successful affective item production"],"fullName":"AffectiveGraphService successful affective item production produces an emotion_tag item when rawState has a mood_label","status":"passed","title":"produces an emotion_tag item when rawState has a mood_label","duration":0.39400000000000546,"failureMessages":[],"meta":{},"tags":[]},{"ancestorTitles":["AffectiveGraphService","successful affective item production"],"fullName":"AffectiveGraphService successful affective item production does NOT produce an emotion_tag item when rawState is null","status":"passed","title":"does NOT produce an emotion_tag item when rawState is null","duration":0.35419999999999163,"failureMessages":[],"meta":{},"tags":[]},{"ancestorTitles":["AffectiveGraphService","requireLabeling"],"fullName":"AffectiveGraphService requireLabeling prefixes astro_state content with disclaimer when requireLabeling === true","status":"passed","title":"prefixes astro_state content with disclaimer when requireLabeling === true","duration":0.4811000000000263,"failureMessages":[],"meta":{},"tags":[]},{"ancestorTitles":["AffectiveGraphService","requireLabeling"],"fullName":"AffectiveGraphService requireLabeling does NOT prefix content when requireLabeling === false","status":"passed","title":"does NOT prefix content when requireLabeling === false","duration":0.5177000000000476,"failureMessages":[],"meta":{},"tags":[]},{"ancestorTitles":["AffectiveGraphService","maxAffectiveNodes cap"],"fullName":"AffectiveGraphService maxAffectiveNodes cap returns at most maxAffectiveNodes items","status":"passed","title":"returns at most maxAffectiveNodes items","duration":0.4153999999999769,"failureMessages":[],"meta":{},"tags":[]},{"ancestorTitles":["AffectiveGraphService","maxAffectiveNodes cap"],"fullName":"AffectiveGraphService maxAffectiveNodes cap returns up to 2 items when maxAffectiveNodes is 2 and rawState has mood_label","status":"passed","title":"returns up to 2 items when maxAffectiveNodes is 2 and rawState has mood_label","duration":0.2814000000000192,"failureMessages":[],"meta":{},"tags":[]},{"ancestorTitles":["AffectiveGraphService","affectiveWeight clamping"],"fullName":"AffectiveGraphService affectiveWeight clamping clamps affectiveWeight above 0.3 to 0.3 for astro_state score","status":"passed","title":"clamps affectiveWeight above 0.3 to 0.3 for astro_state score","duration":0.3849999999999909,"failureMessages":[],"meta":{},"tags":[]},{"ancestorTitles":["AffectiveGraphService","affectiveWeight clamping"],"fullName":"AffectiveGraphService affectiveWeight clamping preserves affectiveWeight at or below 0.3 unchanged","status":"passed","title":"preserves affectiveWeight at or below 0.3 unchanged","duration":0.35019999999997253,"failureMessages":[],"meta":{},"tags":[]},{"ancestorTitles":["AffectiveGraphService","long astro state text"],"fullName":"AffectiveGraphService long astro state text truncates astro_state content to at most 400 characters plus ellipsis","status":"passed","title":"truncates astro_state content to at most 400 characters plus ellipsis","duration":0.5108999999999924,"failureMessages":[],"meta":{},"tags":[]},{"ancestorTitles":["AffectiveGraphService","mode compatibility"],"fullName":"AffectiveGraphService mode compatibility returns items in graph_assisted mode with enabled policy","status":"passed","title":"returns items in graph_assisted mode with enabled policy","duration":1.6790000000000305,"failureMessages":[],"meta":{},"tags":[]},{"ancestorTitles":["AffectiveGraphService","mode compatibility"],"fullName":"AffectiveGraphService mode compatibility returns items in exploratory mode with enabled policy","status":"passed","title":"returns items in exploratory mode with enabled policy","duration":0.28750000000002274,"failureMessages":[],"meta":{},"tags":[]},{"ancestorTitles":["AffectiveGraphService","sourceKey includes notebookId"],"fullName":"AffectiveGraphService sourceKey includes notebookId incorporates notebookId into astro_state sourceKey when provided","status":"passed","title":"incorporates notebookId into astro_state sourceKey when provided","duration":0.4492999999999938,"failureMessages":[],"meta":{},"tags":[]},{"ancestorTitles":["AffectiveGraphService","sourceKey includes notebookId"],"fullName":"AffectiveGraphService sourceKey includes notebookId uses global when notebookId is null","status":"passed","title":"uses global when notebookId is null","duration":0.311300000000017,"failureMessages":[],"meta":{},"tags":[]}],"startTime":1774318612479,"endTime":1774318612502.3113,"status":"passed","message":"","name":"D:/src/client1/tala-app/tests/AffectiveGraphService.test.ts"},{"assertionResults":[{"ancestorTitles":["Assist Mode Logic"],"fullName":"Assist Mode Logic should have assist profile in DEFAULT_SETTINGS","status":"passed","title":"should have assist profile in DEFAULT_SETTINGS","duration":3.5652999999999793,"failureMessages":[],"meta":{},"tags":[]},{"ancestorTitles":["Assist Mode Logic"],"fullName":"Assist Mode Logic should persist activeMode","status":"passed","title":"should persist activeMode","duration":2.6440999999999804,"failureMessages":[],"meta":{},"tags":[]},{"ancestorTitles":["Assist Mode Logic"],"fullName":"Assist Mode Logic should route to assist profile in assist mode","status":"passed","title":"should route to assist profile in assist mode","duration":7.029899999999998,"failureMessages":[],"meta":{},"tags":[]},{"ancestorTitles":["Assist Mode Logic"],"fullName":"Assist Mode Logic should route to tala profile in rp mode","status":"passed","title":"should route to tala profile in rp mode","duration":0.5425000000000182,"failureMessages":[],"meta":{},"tags":[]},{"ancestorTitles":["Assist Mode Logic"],"fullName":"Assist Mode Logic should detect diagnostic requests and override to assist","status":"passed","title":"should detect diagnostic requests and override to assist","duration":0.7014999999999532,"failureMessages":[],"meta":{},"tags":[]}],"startTime":1774318614240,"endTime":1774318614254.7014,"status":"passed","message":"","name":"D:/src/client1/tala-app/tests/AssistMode.test.ts"},{"assertionResults":[{"ancestorTitles":["Feature A – Action acknowledgements"],"fullName":"Feature A – Action acknowledgements browser_type returns a success acknowledgement when the action succeeds","status":"passed","title":"browser_type returns a success acknowledgement when the action succeeds","duration":2.9642000000000053,"failureMessages":[],"meta":{},"tags":[]},{"ancestorTitles":["Feature A – Action acknowledgements"],"fullName":"Feature A – Action acknowledgements browser_type returns an error acknowledgement when the element is not found","status":"passed","title":"browser_type returns an error acknowledgement when the element is not found","duration":0.36939999999998463,"failureMessages":[],"meta":{},"tags":[]},{"ancestorTitles":["Feature A – Action acknowledgements"],"fullName":"Feature A – Action acknowledgements browser_click returns a success acknowledgement","status":"passed","title":"browser_click returns a success acknowledgement","duration":0.33609999999998763,"failureMessages":[],"meta":{},"tags":[]},{"ancestorTitles":["Feature A – Action acknowledgements"],"fullName":"Feature A – Action acknowledgements browser_click returns an error acknowledgement when element is not found","status":"passed","title":"browser_click returns an error acknowledgement when element is not found","duration":0.3406999999999698,"failureMessages":[],"meta":{},"tags":[]},{"ancestorTitles":["Feature A – Action acknowledgements"],"fullName":"Feature A – Action acknowledgements browser_press_key returns a success acknowledgement","status":"passed","title":"browser_press_key returns a success acknowledgement","duration":0.2968999999999937,"failureMessages":[],"meta":{},"tags":[]},{"ancestorTitles":["Feature A – Action acknowledgements"],"fullName":"Feature A – Action acknowledgements browser_scroll returns a success acknowledgement","status":"passed","title":"browser_scroll returns a success acknowledgement","duration":0.34410000000002583,"failureMessages":[],"meta":{},"tags":[]},{"ancestorTitles":["Feature A – Action acknowledgements"],"fullName":"Feature A – Action acknowledgements browser action returns Error: Timeout when no acknowledgement arrives","status":"passed","title":"browser action returns Error: Timeout when no acknowledgement arrives","duration":0.2697000000000003,"failureMessages":[],"meta":{},"tags":[]},{"ancestorTitles":["Feature B – Auto DOM refresh after mutating browser actions"],"fullName":"Feature B – Auto DOM refresh after mutating browser actions browser_type triggers automatic browser_get_dom after success","status":"passed","title":"browser_type triggers automatic browser_get_dom after success","duration":0.347500000000025,"failureMessages":[],"meta":{},"tags":[]},{"ancestorTitles":["Feature B – Auto DOM refresh after mutating browser actions"],"fullName":"Feature B – Auto DOM refresh after mutating browser actions browser_click triggers automatic browser_get_dom after success","status":"passed","title":"browser_click triggers automatic browser_get_dom after success","duration":0.8686999999999898,"failureMessages":[],"meta":{},"tags":[]},{"ancestorTitles":["Feature B – Auto DOM refresh after mutating browser actions"],"fullName":"Feature B – Auto DOM refresh after mutating browser actions browser_press_key triggers automatic browser_get_dom after success","status":"passed","title":"browser_press_key triggers automatic browser_get_dom after success","duration":0.4941000000000031,"failureMessages":[],"meta":{},"tags":[]},{"ancestorTitles":["Feature B – Auto DOM refresh after mutating browser actions"],"fullName":"Feature B – Auto DOM refresh after mutating browser actions browser_scroll triggers automatic browser_get_dom after success","status":"passed","title":"browser_scroll triggers automatic browser_get_dom after success","duration":0.3845999999999776,"failureMessages":[],"meta":{},"tags":[]},{"ancestorTitles":["Feature B – Auto DOM refresh after mutating browser actions"],"fullName":"Feature B – Auto DOM refresh after mutating browser actions browse triggers automatic browser_get_dom after success","status":"passed","title":"browse triggers automatic browser_get_dom after success","duration":0.27940000000000964,"failureMessages":[],"meta":{},"tags":[]},{"ancestorTitles":["Feature B – Auto DOM refresh after mutating browser actions"],"fullName":"Feature B – Auto DOM refresh after mutating browser actions does NOT trigger auto DOM refresh after a failed action (Error: response)","status":"passed","title":"does NOT trigger auto DOM refresh after a failed action (Error: response)","duration":0.2503000000000384,"failureMessages":[],"meta":{},"tags":[]},{"ancestorTitles":["Feature B – Auto DOM refresh after mutating browser actions"],"fullName":"Feature B – Auto DOM refresh after mutating browser actions does NOT trigger auto DOM refresh for browser_get_dom itself","status":"passed","title":"does NOT trigger auto DOM refresh for browser_get_dom itself","duration":1.2752000000000407,"failureMessages":[],"meta":{},"tags":[]},{"ancestorTitles":["Feature B – Auto DOM refresh after mutating browser actions"],"fullName":"Feature B – Auto DOM refresh after mutating browser actions includes updated page state in the result so model can plan next action","status":"passed","title":"includes updated page state in the result so model can plan next action","duration":0.26849999999996044,"failureMessages":[],"meta":{},"tags":[]},{"ancestorTitles":["Feature B – Auto DOM refresh after mutating browser actions"],"fullName":"Feature B – Auto DOM refresh after mutating browser actions gracefully skips PAGE_STATE_SNAPSHOT when auto DOM fetch itself errors","status":"passed","title":"gracefully skips PAGE_STATE_SNAPSHOT when auto DOM fetch itself errors","duration":0.21959999999995716,"failureMessages":[],"meta":{},"tags":[]},{"ancestorTitles":["Feature C – Selector / target round-trip","normalizeBrowserSelector"],"fullName":"Feature C – Selector / target round-trip normalizeBrowserSelector extracts numeric ID from browser_get_dom output format \"12[:V] <input:text> Search\"","status":"passed","title":"extracts numeric ID from browser_get_dom output format \"12[:V] <input:text> Search\"","duration":0.13540000000000418,"failureMessages":[],"meta":{},"tags":[]},{"ancestorTitles":["Feature C – Selector / target round-trip","normalizeBrowserSelector"],"fullName":"Feature C – Selector / target round-trip normalizeBrowserSelector extracts numeric ID from \"[12] INPUT SEARCH\" format","status":"passed","title":"extracts numeric ID from \"[12] INPUT SEARCH\" format","duration":0.12749999999999773,"failureMessages":[],"meta":{},"tags":[]},{"ancestorTitles":["Feature C – Selector / target round-trip","normalizeBrowserSelector"],"fullName":"Feature C – Selector / target round-trip normalizeBrowserSelector keeps a plain numeric ID unchanged","status":"passed","title":"keeps a plain numeric ID unchanged","duration":0.1261000000000081,"failureMessages":[],"meta":{},"tags":[]},{"ancestorTitles":["Feature C – Selector / target round-trip","normalizeBrowserSelector"],"fullName":"Feature C – Selector / target round-trip normalizeBrowserSelector passes CSS selectors through unchanged","status":"passed","title":"passes CSS selectors through unchanged","duration":0.20900000000000318,"failureMessages":[],"meta":{},"tags":[]},{"ancestorTitles":["Feature C – Selector / target round-trip","normalizeBrowserSelector"],"fullName":"Feature C – Selector / target round-trip normalizeBrowserSelector handles single-digit IDs","status":"passed","title":"handles single-digit IDs","duration":0.12939999999997553,"failureMessages":[],"meta":{},"tags":[]},{"ancestorTitles":["Feature C – Selector / target round-trip","normalizeBrowserSelector"],"fullName":"Feature C – Selector / target round-trip normalizeBrowserSelector handles \"[1] BUTTON Submit\" format","status":"passed","title":"handles \"[1] BUTTON Submit\" format","duration":0.14009999999996126,"failureMessages":[],"meta":{},"tags":[]},{"ancestorTitles":["Feature C – Selector / target round-trip","normalizeBrowserSelector"],"fullName":"Feature C – Selector / target round-trip normalizeBrowserSelector handles \"100[:H] <a> Hidden link\" (hidden element)","status":"passed","title":"handles \"100[:H] <a> Hidden link\" (hidden element)","duration":0.13519999999999754,"failureMessages":[],"meta":{},"tags":[]},{"ancestorTitles":["Feature C – Selector / target round-trip"],"fullName":"Feature C – Selector / target round-trip a target emitted by browser_get_dom can be fed back into browser_click","status":"passed","title":"a target emitted by browser_get_dom can be fed back into browser_click","duration":0.14220000000000255,"failureMessages":[],"meta":{},"tags":[]},{"ancestorTitles":["Feature C – Selector / target round-trip"],"fullName":"Feature C – Selector / target round-trip a target emitted by browser_get_dom can be fed back into browser_type","status":"passed","title":"a target emitted by browser_get_dom can be fed back into browser_type","duration":0.22809999999998354,"failureMessages":[],"meta":{},"tags":[]},{"ancestorTitles":["Feature C – Selector / target round-trip"],"fullName":"Feature C – Selector / target round-trip invalid / missing target returns an error-prefixed result","status":"passed","title":"invalid / missing target returns an error-prefixed result","duration":0.12560000000001992,"failureMessages":[],"meta":{},"tags":[]},{"ancestorTitles":["Feature C – Selector / target round-trip"],"fullName":"Feature C – Selector / target round-trip browser_get_dom output IDs are unique and numeric","status":"passed","title":"browser_get_dom output IDs are unique and numeric","duration":0.18389999999999418,"failureMessages":[],"meta":{},"tags":[]},{"ancestorTitles":["Feature D – Browser-task completion semantics"],"fullName":"Feature D – Browser-task completion semantics stalled workflow (max steps, no successful action) is NOT marked complete","status":"passed","title":"stalled workflow (max steps, no successful action) is NOT marked complete","duration":0.14999999999997726,"failureMessages":[],"meta":{},"tags":[]},{"ancestorTitles":["Feature D – Browser-task completion semantics"],"fullName":"Feature D – Browser-task completion semantics workflow with successful action and max steps reached is NOT considered stalled","status":"passed","title":"workflow with successful action and max steps reached is NOT considered stalled","duration":0.09119999999995798,"failureMessages":[],"meta":{},"tags":[]},{"ancestorTitles":["Feature D – Browser-task completion semantics"],"fullName":"Feature D – Browser-task completion semantics workflow below max continuation steps is NOT stalled even without a successful action","status":"passed","title":"workflow below max continuation steps is NOT stalled even without a successful action","duration":0.13840000000004693,"failureMessages":[],"meta":{},"tags":[]},{"ancestorTitles":["Feature D – Browser-task completion semantics"],"fullName":"Feature D – Browser-task completion semantics shouldContinue returns false once continuation steps are exhausted","status":"passed","title":"shouldContinue returns false once continuation steps are exhausted","duration":0.11840000000000828,"failureMessages":[],"meta":{},"tags":[]},{"ancestorTitles":["Feature D – Browser-task completion semantics"],"fullName":"Feature D – Browser-task completion semantics shouldContinue returns true while steps remain and no tool calls were produced","status":"passed","title":"shouldContinue returns true while steps remain and no tool calls were produced","duration":0.08869999999996026,"failureMessages":[],"meta":{},"tags":[]},{"ancestorTitles":["Feature D – Browser-task completion semantics"],"fullName":"Feature D – Browser-task completion semantics shouldContinue returns false when model produced tool calls (no need to retry)","status":"passed","title":"shouldContinue returns false when model produced tool calls (no need to retry)","duration":0.09489999999999554,"failureMessages":[],"meta":{},"tags":[]},{"ancestorTitles":["Feature D – Browser-task completion semantics"],"fullName":"Feature D – Browser-task completion semantics stall detection: running browser_type that times out leads to stalled=true","status":"passed","title":"stall detection: running browser_type that times out leads to stalled=true","duration":0.14929999999998245,"failureMessages":[],"meta":{},"tags":[]},{"ancestorTitles":["Feature D – Browser-task completion semantics"],"fullName":"Feature D – Browser-task completion semantics successful partial task (type succeeded, stop before submit) finalizes as complete","status":"passed","title":"successful partial task (type succeeded, stop before submit) finalizes as complete","duration":0.18940000000003465,"failureMessages":[],"meta":{},"tags":[]},{"ancestorTitles":["Feature E – End-to-end browser workflow (browse → get_dom → type → get_dom)"],"fullName":"Feature E – End-to-end browser workflow (browse → get_dom → type → get_dom) browse → auto get_dom → type \"Star Citizen\" → auto get_dom does not stall","status":"passed","title":"browse → auto get_dom → type \"Star Citizen\" → auto get_dom does not stall","duration":0.3435999999999808,"failureMessages":[],"meta":{},"tags":[]},{"ancestorTitles":["Feature E – End-to-end browser workflow (browse → get_dom → type → get_dom)"],"fullName":"Feature E – End-to-end browser workflow (browse → get_dom → type → get_dom) workflow does not collapse into blind retries after a successful action sequence","status":"passed","title":"workflow does not collapse into blind retries after a successful action sequence","duration":0.27379999999999427,"failureMessages":[],"meta":{},"tags":[]}],"startTime":1774318613257,"endTime":1774318613271.3435,"status":"passed","message":"","name":"D:/src/client1/tala-app/tests/BrowserActionAck.test.ts"},{"assertionResults":[{"ancestorTitles":["Feature A – Browser intent classification"],"fullName":"Feature A – Browser intent classification classifies \"open google.com in the workspace browser\" as browser intent","status":"passed","title":"classifies \"open google.com in the workspace browser\" as browser intent","duration":6.066000000000031,"failureMessages":[],"meta":{},"tags":[]},{"ancestorTitles":["Feature A – Browser intent classification"],"fullName":"Feature A – Browser intent classification classifies \"navigate to https://wikipedia.org\" as browser intent","status":"passed","title":"classifies \"navigate to https://wikipedia.org\" as browser intent","duration":2.4705000000000155,"failureMessages":[],"meta":{},"tags":[]},{"ancestorTitles":["Feature A – Browser intent classification"],"fullName":"Feature A – Browser intent classification classifies \"browse to https://example.com\" as browser intent","status":"passed","title":"classifies \"browse to https://example.com\" as browser intent","duration":0.4823999999999842,"failureMessages":[],"meta":{},"tags":[]},{"ancestorTitles":["Feature A – Browser intent classification"],"fullName":"Feature A – Browser intent classification classifies \"search for Star Citizen on google.com\" as browser intent","status":"passed","title":"classifies \"search for Star Citizen on google.com\" as browser intent","duration":0.7655000000000314,"failureMessages":[],"meta":{},"tags":[]},{"ancestorTitles":["Feature A – Browser intent classification"],"fullName":"Feature A – Browser intent classification classifies \"go to wikipedia.org and search for Star Citizen\" as browser intent","status":"passed","title":"classifies \"go to wikipedia.org and search for Star Citizen\" as browser intent","duration":0.47239999999999327,"failureMessages":[],"meta":{},"tags":[]},{"ancestorTitles":["Feature A – Browser intent classification"],"fullName":"Feature A – Browser intent classification classifies \"click the 5th result\" as browser intent","status":"passed","title":"classifies \"click the 5th result\" as browser intent","duration":0.4030999999999949,"failureMessages":[],"meta":{},"tags":[]},{"ancestorTitles":["Feature A – Browser intent classification"],"fullName":"Feature A – Browser intent classification classifies \"fill in the search box\" as browser intent","status":"passed","title":"classifies \"fill in the search box\" as browser intent","duration":0.40660000000002583,"failureMessages":[],"meta":{},"tags":[]},{"ancestorTitles":["Feature A – Browser intent classification"],"fullName":"Feature A – Browser intent classification classifies \"scroll the page down\" as browser intent","status":"passed","title":"classifies \"scroll the page down\" as browser intent","duration":0.3271000000000299,"failureMessages":[],"meta":{},"tags":[]},{"ancestorTitles":["Feature A – Browser intent classification"],"fullName":"Feature A – Browser intent classification classifies \"use the workspace browser\" as browser intent","status":"passed","title":"classifies \"use the workspace browser\" as browser intent","duration":1.2677000000000476,"failureMessages":[],"meta":{},"tags":[]},{"ancestorTitles":["Feature A – Browser intent classification"],"fullName":"Feature A – Browser intent classification classifies \"open https://google.com\" as browser intent","status":"passed","title":"classifies \"open https://google.com\" as browser intent","duration":0.4451999999999998,"failureMessages":[],"meta":{},"tags":[]},{"ancestorTitles":["Feature A – Browser intent classification"],"fullName":"Feature A – Browser intent classification classifies \"type Star Citizen in the search field\" as browser intent","status":"passed","title":"classifies \"type Star Citizen in the search field\" as browser intent","duration":0.6696999999999775,"failureMessages":[],"meta":{},"tags":[]},{"ancestorTitles":["Feature A – Browser intent classification"],"fullName":"Feature A – Browser intent classification classifies \"visit bing.com\" as browser intent","status":"passed","title":"classifies \"visit bing.com\" as browser intent","duration":0.3038999999999987,"failureMessages":[],"meta":{},"tags":[]},{"ancestorTitles":["Feature A – Browser intent classification"],"fullName":"Feature A – Browser intent classification classifies \"load the web page\" as browser intent","status":"passed","title":"classifies \"load the web page\" as browser intent","duration":0.258199999999988,"failureMessages":[],"meta":{},"tags":[]},{"ancestorTitles":["Feature A – Browser intent classification"],"fullName":"Feature A – Browser intent classification classifies \"search google for Star Citizen\" as browser intent","status":"passed","title":"classifies \"search google for Star Citizen\" as browser intent","duration":0.24930000000000518,"failureMessages":[],"meta":{},"tags":[]},{"ancestorTitles":["Feature A – Browser intent classification"],"fullName":"Feature A – Browser intent classification does NOT classify \"hello\" as browser intent","status":"passed","title":"does NOT classify \"hello\" as browser intent","duration":1.2124000000000024,"failureMessages":[],"meta":{},"tags":[]},{"ancestorTitles":["Feature A – Browser intent classification"],"fullName":"Feature A – Browser intent classification does NOT classify \"what is the capital of France\" as browser intent","status":"passed","title":"does NOT classify \"what is the capital of France\" as browser intent","duration":0.3593999999999937,"failureMessages":[],"meta":{},"tags":[]},{"ancestorTitles":["Feature A – Browser intent classification"],"fullName":"Feature A – Browser intent classification does NOT classify \"write a python script\" as browser intent","status":"passed","title":"does NOT classify \"write a python script\" as browser intent","duration":0.23869999999999436,"failureMessages":[],"meta":{},"tags":[]},{"ancestorTitles":["Feature A – Browser intent classification"],"fullName":"Feature A – Browser intent classification does NOT classify \"tell me about the lore\" as browser intent","status":"passed","title":"does NOT classify \"tell me about the lore\" as browser intent","duration":0.27139999999997144,"failureMessages":[],"meta":{},"tags":[]},{"ancestorTitles":["Feature A – Browser intent classification"],"fullName":"Feature A – Browser intent classification does NOT classify \"how does memory work in TALA\" as browser intent","status":"passed","title":"does NOT classify \"how does memory work in TALA\" as browser intent","duration":0.3250000000000455,"failureMessages":[],"meta":{},"tags":[]},{"ancestorTitles":["Feature B – Tool palette filtering for browser-task mode"],"fullName":"Feature B – Tool palette filtering for browser-task mode reduces tool palette to browser tools only in browser-task mode","status":"passed","title":"reduces tool palette to browser tools only in browser-task mode","duration":2.174699999999973,"failureMessages":[],"meta":{},"tags":[]},{"ancestorTitles":["Feature B – Tool palette filtering for browser-task mode"],"fullName":"Feature B – Tool palette filtering for browser-task mode sends exactly 8 browser tools in browser-task mode","status":"passed","title":"sends exactly 8 browser tools in browser-task mode","duration":0.48680000000001655,"failureMessages":[],"meta":{},"tags":[]},{"ancestorTitles":["Feature B – Tool palette filtering for browser-task mode"],"fullName":"Feature B – Tool palette filtering for browser-task mode preserves full tool palette for non-browser tasks","status":"passed","title":"preserves full tool palette for non-browser tasks","duration":0.24430000000000973,"failureMessages":[],"meta":{},"tags":[]},{"ancestorTitles":["Feature B – Tool palette filtering for browser-task mode"],"fullName":"Feature B – Tool palette filtering for browser-task mode browser-task tool set contains the core navigation + inspection + interaction tools","status":"passed","title":"browser-task tool set contains the core navigation + inspection + interaction tools","duration":0.38049999999998363,"failureMessages":[],"meta":{},"tags":[]},{"ancestorTitles":["Feature C – Auto DOM fetch after successful navigation"],"fullName":"Feature C – Auto DOM fetch after successful navigation appends PAGE_STATE_SNAPSHOT to the navigation result in browser-task mode","status":"passed","title":"appends PAGE_STATE_SNAPSHOT to the navigation result in browser-task mode","duration":0.38719999999995025,"failureMessages":[],"meta":{},"tags":[]},{"ancestorTitles":["Feature C – Auto DOM fetch after successful navigation"],"fullName":"Feature C – Auto DOM fetch after successful navigation includes DOM interactive elements in the snapshot","status":"passed","title":"includes DOM interactive elements in the snapshot","duration":0.18240000000002965,"failureMessages":[],"meta":{},"tags":[]},{"ancestorTitles":["Feature C – Auto DOM fetch after successful navigation"],"fullName":"Feature C – Auto DOM fetch after successful navigation does NOT append DOM snapshot for non-browser-task mode","status":"passed","title":"does NOT append DOM snapshot for non-browser-task mode","duration":0.1774000000000342,"failureMessages":[],"meta":{},"tags":[]},{"ancestorTitles":["Feature C – Auto DOM fetch after successful navigation"],"fullName":"Feature C – Auto DOM fetch after successful navigation does NOT append DOM snapshot for non-browse tools","status":"passed","title":"does NOT append DOM snapshot for non-browse tools","duration":0.16579999999999018,"failureMessages":[],"meta":{},"tags":[]},{"ancestorTitles":["Feature C – Auto DOM fetch after successful navigation"],"fullName":"Feature C – Auto DOM fetch after successful navigation does NOT append DOM when navigation failed (Error: response)","status":"passed","title":"does NOT append DOM when navigation failed (Error: response)","duration":0.2074000000000069,"failureMessages":[],"meta":{},"tags":[]},{"ancestorTitles":["Feature C – Auto DOM fetch after successful navigation"],"fullName":"Feature C – Auto DOM fetch after successful navigation skips DOM snapshot gracefully when browser_get_dom itself errors","status":"passed","title":"skips DOM snapshot gracefully when browser_get_dom itself errors","duration":0.23829999999998108,"failureMessages":[],"meta":{},"tags":[]},{"ancestorTitles":["Feature D – Multi-step browser workflow loop"],"fullName":"Feature D – Multi-step browser workflow loop continues loop when browser task has no calls and continuation steps remain","status":"passed","title":"continues loop when browser task has no calls and continuation steps remain","duration":0.17899999999997362,"failureMessages":[],"meta":{},"tags":[]},{"ancestorTitles":["Feature D – Multi-step browser workflow loop"],"fullName":"Feature D – Multi-step browser workflow loop continues loop for up to BROWSER_MAX_CONTINUATION_STEPS","status":"passed","title":"continues loop for up to BROWSER_MAX_CONTINUATION_STEPS","duration":0.2115000000000009,"failureMessages":[],"meta":{},"tags":[]},{"ancestorTitles":["Feature D – Multi-step browser workflow loop"],"fullName":"Feature D – Multi-step browser workflow loop stops continuing after BROWSER_MAX_CONTINUATION_STEPS is reached","status":"passed","title":"stops continuing after BROWSER_MAX_CONTINUATION_STEPS is reached","duration":0.14039999999999964,"failureMessages":[],"meta":{},"tags":[]},{"ancestorTitles":["Feature D – Multi-step browser workflow loop"],"fullName":"Feature D – Multi-step browser workflow loop does NOT continue for non-browser tasks when calls are empty","status":"passed","title":"does NOT continue for non-browser tasks when calls are empty","duration":0.12880000000001246,"failureMessages":[],"meta":{},"tags":[]},{"ancestorTitles":["Feature D – Multi-step browser workflow loop"],"fullName":"Feature D – Multi-step browser workflow loop does NOT continue when calls are present (model produced tool calls)","status":"passed","title":"does NOT continue when calls are present (model produced tool calls)","duration":0.2927999999999997,"failureMessages":[],"meta":{},"tags":[]},{"ancestorTitles":["Feature D – Multi-step browser workflow loop"],"fullName":"Feature D – Multi-step browser workflow loop does NOT continue in RP mode (tools disabled)","status":"passed","title":"does NOT continue in RP mode (tools disabled)","duration":0.14510000000001355,"failureMessages":[],"meta":{},"tags":[]},{"ancestorTitles":["Feature E – Plain-content fallback protection"],"fullName":"Feature E – Plain-content fallback protection browser-task mode with remaining continuation steps does not finalize immediately","status":"passed","title":"browser-task mode with remaining continuation steps does not finalize immediately","duration":0.1220000000000141,"failureMessages":[],"meta":{},"tags":[]},{"ancestorTitles":["Feature E – Plain-content fallback protection"],"fullName":"Feature E – Plain-content fallback protection finalizes only when continuation steps are exhausted","status":"passed","title":"finalizes only when continuation steps are exhausted","duration":0.11740000000003192,"failureMessages":[],"meta":{},"tags":[]},{"ancestorTitles":["Feature E – Plain-content fallback protection"],"fullName":"Feature E – Plain-content fallback protection non-browser tasks always finalize on empty calls (no continuation)","status":"passed","title":"non-browser tasks always finalize on empty calls (no continuation)","duration":0.23529999999999518,"failureMessages":[],"meta":{},"tags":[]},{"ancestorTitles":["Feature F – Generic tool clarity and routing"],"fullName":"Feature F – Generic tool clarity and routing technical questions do not get routed to browser mode","status":"passed","title":"technical questions do not get routed to browser mode","duration":0.7816000000000258,"failureMessages":[],"meta":{},"tags":[]},{"ancestorTitles":["Feature F – Generic tool clarity and routing"],"fullName":"Feature F – Generic tool clarity and routing coding tasks do not get routed to browser mode","status":"passed","title":"coding tasks do not get routed to browser mode","duration":0.44849999999996726,"failureMessages":[],"meta":{},"tags":[]},{"ancestorTitles":["Feature F – Generic tool clarity and routing"],"fullName":"Feature F – Generic tool clarity and routing browser tasks are always classified as browser, not technical or coding","status":"passed","title":"browser tasks are always classified as browser, not technical or coding","duration":0.8826999999999998,"failureMessages":[],"meta":{},"tags":[]},{"ancestorTitles":["Feature F – Generic tool clarity and routing"],"fullName":"Feature F – Generic tool clarity and routing browser intent has high confidence (>= 0.9)","status":"passed","title":"browser intent has high confidence (>= 0.9)","duration":0.23839999999995598,"failureMessages":[],"meta":{},"tags":[]},{"ancestorTitles":["Feature F – Generic tool clarity and routing"],"fullName":"Feature F – Generic tool clarity and routing browser intent includes subsystem=browser","status":"passed","title":"browser intent includes subsystem=browser","duration":0.22719999999998208,"failureMessages":[],"meta":{},"tags":[]},{"ancestorTitles":["Feature F – Generic tool clarity and routing"],"fullName":"Feature F – Generic tool clarity and routing browser-task tool set does NOT include file-system or memory tools","status":"passed","title":"browser-task tool set does NOT include file-system or memory tools","duration":0.44360000000000355,"failureMessages":[],"meta":{},"tags":[]}],"startTime":1774318612231,"endTime":1774318612259.4436,"status":"passed","message":"","name":"D:/src/client1/tala-app/tests/BrowserTaskMode.test.ts"},{"assertionResults":[{"ancestorTitles":["Browser Tool Binding"],"fullName":"Browser Tool Binding uses workspace-browser-1 as the stable surface ID","status":"passed","title":"uses workspace-browser-1 as the stable surface ID","duration":1.961999999999989,"failureMessages":[],"meta":{},"tags":[]},{"ancestorTitles":["Browser Tool Binding"],"fullName":"Browser Tool Binding dispatches browser-navigate event with surfaceId and resolves with navigation confirmation","status":"passed","title":"dispatches browser-navigate event with surfaceId and resolves with navigation confirmation","duration":16.408300000000054,"failureMessages":[],"meta":{},"tags":[]},{"ancestorTitles":["Browser Tool Binding"],"fullName":"Browser Tool Binding dispatches browser-click event and resolves with action response","status":"passed","title":"dispatches browser-click event and resolves with action response","duration":13.38429999999994,"failureMessages":[],"meta":{},"tags":[]},{"ancestorTitles":["Browser Tool Binding"],"fullName":"Browser Tool Binding dispatches browser-hover event with surfaceId","status":"passed","title":"dispatches browser-hover event with surfaceId","duration":15.147299999999973,"failureMessages":[],"meta":{},"tags":[]},{"ancestorTitles":["Browser Tool Binding"],"fullName":"Browser Tool Binding dispatches browser-type event with selector, text, and surfaceId","status":"passed","title":"dispatches browser-type event with selector, text, and surfaceId","duration":16.116500000000087,"failureMessages":[],"meta":{},"tags":[]},{"ancestorTitles":["Browser Tool Binding"],"fullName":"Browser Tool Binding dispatches browser-scroll event with direction and surfaceId","status":"passed","title":"dispatches browser-scroll event with direction and surfaceId","duration":15.24840000000006,"failureMessages":[],"meta":{},"tags":[]},{"ancestorTitles":["Browser Tool Binding"],"fullName":"Browser Tool Binding dispatches browser-press-key event with key name and surfaceId","status":"passed","title":"dispatches browser-press-key event with key name and surfaceId","duration":15.206399999999917,"failureMessages":[],"meta":{},"tags":[]},{"ancestorTitles":["Browser Tool Binding"],"fullName":"Browser Tool Binding dispatches browser-get-dom event and resolves with DOM string","status":"passed","title":"dispatches browser-get-dom event and resolves with DOM string","duration":16.087800000000016,"failureMessages":[],"meta":{},"tags":[]},{"ancestorTitles":["Browser Tool Binding"],"fullName":"Browser Tool Binding dispatches browser-screenshot event and returns size metadata","status":"passed","title":"dispatches browser-screenshot event and returns size metadata","duration":15.023400000000038,"failureMessages":[],"meta":{},"tags":[]},{"ancestorTitles":["Browser Tool Binding"],"fullName":"Browser Tool Binding all browser tool events carry the same surface ID for session continuity","status":"passed","title":"all browser tool events carry the same surface ID for session continuity","duration":46.00400000000002,"failureMessages":[],"meta":{},"tags":[]},{"ancestorTitles":["Browser Tool Binding"],"fullName":"Browser Tool Binding passes BROWSER_SEARCH commands through without dispatching events","status":"passed","title":"passes BROWSER_SEARCH commands through without dispatching events","duration":0.5076999999999998,"failureMessages":[],"meta":{},"tags":[]},{"ancestorTitles":["Browser Tool Binding"],"fullName":"Browser Tool Binding returns an error string on browser data timeout","status":"passed","title":"returns an error string on browser data timeout","duration":14.546400000000062,"failureMessages":[],"meta":{},"tags":[]}],"startTime":1774318611441,"endTime":1774318611627.5464,"status":"passed","message":"","name":"D:/src/client1/tala-app/tests/BrowserToolBinding.test.ts"},{"assertionResults":[{"ancestorTitles":["ChunkEmbeddingService — construction"],"fullName":"ChunkEmbeddingService — construction uses embeddinggemma as default model","status":"passed","title":"uses embeddinggemma as default model","duration":2.5137000000000285,"failureMessages":[],"meta":{},"tags":[]},{"ancestorTitles":["ChunkEmbeddingService — construction"],"fullName":"ChunkEmbeddingService — construction exposes EMBEDDING_DIMENSION = 768","status":"passed","title":"exposes EMBEDDING_DIMENSION = 768","duration":0.3627999999999929,"failureMessages":[],"meta":{},"tags":[]},{"ancestorTitles":["ChunkEmbeddingService — embedNotebook"],"fullName":"ChunkEmbeddingService — embedNotebook returns zeros when itemKeys is empty","status":"passed","title":"returns zeros when itemKeys is empty","duration":2.183499999999981,"failureMessages":[],"meta":{},"tags":[]},{"ancestorTitles":["ChunkEmbeddingService — embedNotebook"],"fullName":"ChunkEmbeddingService — embedNotebook delegates to embedItems for non-empty itemKeys","status":"passed","title":"delegates to embedItems for non-empty itemKeys","duration":4.786900000000003,"failureMessages":[],"meta":{},"tags":[]},{"ancestorTitles":["ChunkEmbeddingService — embedItems"],"fullName":"ChunkEmbeddingService — embedItems embeds all chunks returned by getChunksMissingEmbeddings","status":"passed","title":"embeds all chunks returned by getChunksMissingEmbeddings","duration":1.0002000000000066,"failureMessages":[],"meta":{},"tags":[]},{"ancestorTitles":["ChunkEmbeddingService — embedItems"],"fullName":"ChunkEmbeddingService — embedItems stores embeddings with correct dimension metadata","status":"passed","title":"stores embeddings with correct dimension metadata","duration":0.5817000000000121,"failureMessages":[],"meta":{},"tags":[]},{"ancestorTitles":["ChunkEmbeddingService — embedItems"],"fullName":"ChunkEmbeddingService — embedItems skips chunks already embedded when reembed=false","status":"passed","title":"skips chunks already embedded when reembed=false","duration":0.724899999999991,"failureMessages":[],"meta":{},"tags":[]},{"ancestorTitles":["ChunkEmbeddingService — embedItems"],"fullName":"ChunkEmbeddingService — embedItems re-embeds when reembed=true","status":"passed","title":"re-embeds when reembed=true","duration":0.6413000000000011,"failureMessages":[],"meta":{},"tags":[]},{"ancestorTitles":["ChunkEmbeddingService — embedItems"],"fullName":"ChunkEmbeddingService — embedItems captures warning and continues on embedding failure (partial success)","status":"passed","title":"captures warning and continues on embedding failure (partial success)","duration":2.5722999999999843,"failureMessages":[],"meta":{},"tags":[]},{"ancestorTitles":["ChunkEmbeddingService — embedChunks"],"fullName":"ChunkEmbeddingService — embedChunks returns zero counts for empty chunkIds","status":"passed","title":"returns zero counts for empty chunkIds","duration":0.5210999999999899,"failureMessages":[],"meta":{},"tags":[]}],"startTime":1774318613431,"endTime":1774318613448.521,"status":"passed","message":"","name":"D:/src/client1/tala-app/tests/ChunkEmbeddingService.test.ts"},{"assertionResults":[{"ancestorTitles":["CognitiveDiagnosticsSnapshot"],"fullName":"CognitiveDiagnosticsSnapshot CognitiveDiagnosticsSnapshot has required fields","status":"passed","title":"CognitiveDiagnosticsSnapshot has required fields","duration":3.839999999999975,"failureMessages":[],"meta":{},"tags":[]},{"ancestorTitles":["CognitiveDiagnosticsSnapshot"],"fullName":"CognitiveDiagnosticsSnapshot snapshot activeMode reflects assistant mode correctly","status":"passed","title":"snapshot activeMode reflects assistant mode correctly","duration":0.3889000000000351,"failureMessages":[],"meta":{},"tags":[]},{"ancestorTitles":["CognitiveDiagnosticsSnapshot"],"fullName":"CognitiveDiagnosticsSnapshot snapshot shows memory suppression when retrieval suppressed","status":"passed","title":"snapshot shows memory suppression when retrieval suppressed","duration":0.4064000000000192,"failureMessages":[],"meta":{},"tags":[]},{"ancestorTitles":["CognitiveDiagnosticsSnapshot"],"fullName":"CognitiveDiagnosticsSnapshot recordCognitiveContext stores context for snapshot generation","status":"passed","title":"recordCognitiveContext stores context for snapshot generation","duration":1.4554999999999723,"failureMessages":[],"meta":{},"tags":[]},{"ancestorTitles":["CognitiveDiagnosticsSnapshot"],"fullName":"CognitiveDiagnosticsSnapshot cognitive snapshot shows correct memory contribution counts","status":"passed","title":"cognitive snapshot shows correct memory contribution counts","duration":0.5339999999999918,"failureMessages":[],"meta":{},"tags":[]},{"ancestorTitles":["CognitiveDiagnosticsSnapshot"],"fullName":"CognitiveDiagnosticsSnapshot cognitive snapshot shows doc contribution applied","status":"passed","title":"cognitive snapshot shows doc contribution applied","duration":0.4350000000000023,"failureMessages":[],"meta":{},"tags":[]},{"ancestorTitles":["CognitiveDiagnosticsSnapshot"],"fullName":"CognitiveDiagnosticsSnapshot cognitive snapshot shows emotional modulation status","status":"passed","title":"cognitive snapshot shows emotional modulation status","duration":0.5053000000000338,"failureMessages":[],"meta":{},"tags":[]},{"ancestorTitles":["CognitiveDiagnosticsSnapshot"],"fullName":"CognitiveDiagnosticsSnapshot cognitive snapshot is undefined when no context recorded","status":"passed","title":"cognitive snapshot is undefined when no context recorded","duration":0.37309999999996535,"failureMessages":[],"meta":{},"tags":[]},{"ancestorTitles":["CognitiveDiagnosticsSnapshot"],"fullName":"CognitiveDiagnosticsSnapshot recordCognitiveMeta stores compaction summary","status":"passed","title":"recordCognitiveMeta stores compaction summary","duration":1.2028000000000247,"failureMessages":[],"meta":{},"tags":[]},{"ancestorTitles":["CognitiveDiagnosticsSnapshot"],"fullName":"CognitiveDiagnosticsSnapshot cognitive snapshot timestamp is a valid ISO string","status":"passed","title":"cognitive snapshot timestamp is a valid ISO string","duration":1.4587999999999965,"failureMessages":[],"meta":{},"tags":[]}],"startTime":1774318614194,"endTime":1774318614205.4587,"status":"passed","message":"","name":"D:/src/client1/tala-app/tests/CognitiveDiagnosticsSnapshot.test.ts"},{"assertionResults":[{"ancestorTitles":["ingestionTypes — type contracts"],"fullName":"ingestionTypes — type contracts IngestionRequest shape is correct","status":"passed","title":"IngestionRequest shape is correct","duration":3.286399999999958,"failureMessages":[],"meta":{},"tags":[]},{"ancestorTitles":["ingestionTypes — type contracts"],"fullName":"ingestionTypes — type contracts IngestionResult shape is correct","status":"passed","title":"IngestionResult shape is correct","duration":0.4223999999999819,"failureMessages":[],"meta":{},"tags":[]},{"ancestorTitles":["ingestionTypes — type contracts"],"fullName":"ingestionTypes — type contracts ChunkingOptions shape is correct","status":"passed","title":"ChunkingOptions shape is correct","duration":0.20330000000001291,"failureMessages":[],"meta":{},"tags":[]},{"ancestorTitles":["ingestionTypes — type contracts"],"fullName":"ingestionTypes — type contracts SourceDocumentRecord includes citation fields","status":"passed","title":"SourceDocumentRecord includes citation fields","duration":0.3480999999999881,"failureMessages":[],"meta":{},"tags":[]},{"ancestorTitles":["ingestionTypes — type contracts"],"fullName":"ingestionTypes — type contracts DocumentChunkRecord includes offset fields","status":"passed","title":"DocumentChunkRecord includes offset fields","duration":0.3447999999999638,"failureMessages":[],"meta":{},"tags":[]},{"ancestorTitles":["ContentIngestionService.chunkContent"],"fullName":"ContentIngestionService.chunkContent fixed strategy: produces non-empty chunks for short content","status":"passed","title":"fixed strategy: produces non-empty chunks for short content","duration":0.4504999999999768,"failureMessages":[],"meta":{},"tags":[]},{"ancestorTitles":["ContentIngestionService.chunkContent"],"fullName":"ContentIngestionService.chunkContent fixed strategy: chunk_index order matches charStart order","status":"passed","title":"fixed strategy: chunk_index order matches charStart order","duration":0.3673000000000002,"failureMessages":[],"meta":{},"tags":[]},{"ancestorTitles":["ContentIngestionService.chunkContent"],"fullName":"ContentIngestionService.chunkContent paragraph strategy: splits on blank lines","status":"passed","title":"paragraph strategy: splits on blank lines","duration":0.5557000000000016,"failureMessages":[],"meta":{},"tags":[]},{"ancestorTitles":["ContentIngestionService.chunkContent"],"fullName":"ContentIngestionService.chunkContent hybrid strategy: returns non-empty results","status":"passed","title":"hybrid strategy: returns non-empty results","duration":0.6625999999999976,"failureMessages":[],"meta":{},"tags":[]},{"ancestorTitles":["ContentIngestionService.chunkContent"],"fullName":"ContentIngestionService.chunkContent returns empty array for empty content","status":"passed","title":"returns empty array for empty content","duration":0.3450000000000273,"failureMessages":[],"meta":{},"tags":[]},{"ancestorTitles":["ContentIngestionService.chunkContent"],"fullName":"ContentIngestionService.chunkContent charStart and charEnd are non-negative integers","status":"passed","title":"charStart and charEnd are non-negative integers","duration":0.2849000000000501,"failureMessages":[],"meta":{},"tags":[]},{"ancestorTitles":["ContentIngestionService.chunkContent"],"fullName":"ContentIngestionService.chunkContent tokenEstimate is positive for non-empty chunks","status":"passed","title":"tokenEstimate is positive for non-empty chunks","duration":0.18619999999998527,"failureMessages":[],"meta":{},"tags":[]},{"ancestorTitles":["ContentIngestionService.fetchContentForItem — file path"],"fullName":"ContentIngestionService.fetchContentForItem — file path returns warning when file does not exist","status":"passed","title":"returns warning when file does not exist","duration":0.8275000000000432,"failureMessages":[],"meta":{},"tags":[]},{"ancestorTitles":["ContentIngestionService.fetchContentForItem — file path"],"fullName":"ContentIngestionService.fetchContentForItem — file path returns warning when no source_path or uri","status":"passed","title":"returns warning when no source_path or uri","duration":0.3996000000000208,"failureMessages":[],"meta":{},"tags":[]},{"ancestorTitles":["ContentIngestionService.ingestItems — deduplication"],"fullName":"ContentIngestionService.ingestItems — deduplication skips item when documentExists returns true and refetch=false","status":"passed","title":"skips item when documentExists returns true and refetch=false","duration":2.27049999999997,"failureMessages":[],"meta":{},"tags":[]},{"ancestorTitles":["ContentIngestionService.ingestItems — deduplication"],"fullName":"ContentIngestionService.ingestItems — deduplication re-ingests when refetch=true even if document exists","status":"passed","title":"re-ingests when refetch=true even if document exists","duration":0.8426000000000045,"failureMessages":[],"meta":{},"tags":[]},{"ancestorTitles":["ContentIngestionService.ingestItems — partial failure"],"fullName":"ContentIngestionService.ingestItems — partial failure records warning for a failing item and continues with the rest","status":"passed","title":"records warning for a failing item and continues with the rest","duration":1.0037000000000376,"failureMessages":[],"meta":{},"tags":[]},{"ancestorTitles":["ContentIngestionService.ingestItems — partial failure"],"fullName":"ContentIngestionService.ingestItems — partial failure returns warnings for item_keys not found in notebook","status":"passed","title":"returns warnings for item_keys not found in notebook","duration":0.3942000000000121,"failureMessages":[],"meta":{},"tags":[]},{"ancestorTitles":["ContentIngestionService.ingestNotebook"],"fullName":"ContentIngestionService.ingestNotebook returns zero stats for empty notebook","status":"passed","title":"returns zero stats for empty notebook","duration":0.442799999999977,"failureMessages":[],"meta":{},"tags":[]},{"ancestorTitles":["ContentIngestionService.ingestNotebook"],"fullName":"ContentIngestionService.ingestNotebook aggregates chunk count across multiple items","status":"passed","title":"aggregates chunk count across multiple items","duration":0.6791000000000054,"failureMessages":[],"meta":{},"tags":[]},{"ancestorTitles":["ContentIngestionService — citation metadata"],"fullName":"ContentIngestionService — citation metadata populates citation_label from item title","status":"passed","title":"populates citation_label from item title","duration":0.7905000000000086,"failureMessages":[],"meta":{},"tags":[]},{"ancestorTitles":["ContentIngestionService — chunk offset correctness"],"fullName":"ContentIngestionService — chunk offset correctness fixed chunking: charEnd > charStart for every chunk","status":"passed","title":"fixed chunking: charEnd > charStart for every chunk","duration":0.44360000000000355,"failureMessages":[],"meta":{},"tags":[]},{"ancestorTitles":["ContentIngestionService — chunk offset correctness"],"fullName":"ContentIngestionService — chunk offset correctness paragraph chunking: chunks are sequentially ordered by charStart","status":"passed","title":"paragraph chunking: chunks are sequentially ordered by charStart","duration":0.23019999999996799,"failureMessages":[],"meta":{},"tags":[]},{"ancestorTitles":["ContentRepository mock — contract verification"],"fullName":"ContentRepository mock — contract verification documentExists returns false by default","status":"passed","title":"documentExists returns false by default","duration":0.2717000000000098,"failureMessages":[],"meta":{},"tags":[]},{"ancestorTitles":["ContentRepository mock — contract verification"],"fullName":"ContentRepository mock — contract verification documentExists returns true when configured","status":"passed","title":"documentExists returns true when configured","duration":0.2604000000000042,"failureMessages":[],"meta":{},"tags":[]},{"ancestorTitles":["ContentRepository mock — contract verification"],"fullName":"ContentRepository mock — contract verification upsertSourceDocument returns a SourceDocumentRecord","status":"passed","title":"upsertSourceDocument returns a SourceDocumentRecord","duration":0.28350000000000364,"failureMessages":[],"meta":{},"tags":[]},{"ancestorTitles":["ContentRepository mock — contract verification"],"fullName":"ContentRepository mock — contract verification insertChunks returns chunk records with correct indices","status":"passed","title":"insertChunks returns chunk records with correct indices","duration":0.5421000000000049,"failureMessages":[],"meta":{},"tags":[]}],"startTime":1774318612814,"endTime":1774318612832.542,"status":"passed","message":"","name":"D:/src/client1/tala-app/tests/ContentIngestionService.test.ts"},{"assertionResults":[{"ancestorTitles":["ContextAssemblyService","basic assembly"],"fullName":"ContextAssemblyService basic assembly returns a valid ContextAssemblyResult with items","status":"passed","title":"returns a valid ContextAssemblyResult with items","duration":6.754599999999982,"failureMessages":[],"meta":{},"tags":[]},{"ancestorTitles":["ContextAssemblyService","basic assembly"],"fullName":"ContextAssemblyService basic assembly returns empty result when retrieval returns no results","status":"passed","title":"returns empty result when retrieval returns no results","duration":1.4442999999999984,"failureMessages":[],"meta":{},"tags":[]},{"ancestorTitles":["ContextAssemblyService","basic assembly"],"fullName":"ContextAssemblyService basic assembly all injected items have selectionClass evidence","status":"passed","title":"all injected items have selectionClass evidence","duration":0.8011999999999944,"failureMessages":[],"meta":{},"tags":[]},{"ancestorTitles":["ContextAssemblyService","evidence selection budget enforcement"],"fullName":"ContextAssemblyService evidence selection budget enforcement caps injected items at policy maxItems","status":"passed","title":"caps injected items at policy maxItems","duration":1.75649999999996,"failureMessages":[],"meta":{},"tags":[]},{"ancestorTitles":["ContextAssemblyService","evidence selection budget enforcement"],"fullName":"ContextAssemblyService evidence selection budget enforcement global budget cap is enforced for evidence items","status":"passed","title":"global budget cap is enforced for evidence items","duration":1.0217999999999847,"failureMessages":[],"m
[...]
"meta":{},"tags":[]},{"ancestorTitles":["IntentClassifier — autobiographical lore prompts with affectionate openers"],"fullName":"IntentClassifier — autobiographical lore prompts with affectionate openers \"Love, tell me about your childhood\" → lore, NOT greeting or social","status":"passed","title":"\"Love, tell me about your childhood\" → lore, NOT greeting or social","duration":0.283800000000042,"failureMessages":[],"meta":{},"tags":[]},{"ancestorTitles":["IntentClassifier — autobiographical lore prompts with affectionate openers"],"fullName":"IntentClassifier — autobiographical lore prompts with affectionate openers \"Babe, what were you like at 17?\" → lore (autobiographical age reference)","status":"passed","title":"\"Babe, what were you like at 17?\" → lore (autobiographical age reference)","duration":0.32150000000001455,"failureMessages":[],"meta":{},"tags":[]},{"ancestorTitles":["IntentClassifier — autobiographical lore prompts with affectionate openers"],"fullName":"IntentClassifier — autobiographical lore prompts with affectionate openers \"Do you remember when you were young?\" → lore","status":"passed","title":"\"Do you remember when you were young?\" → lore","duration":0.28120000000001255,"failureMessages":[],"meta":{},"tags":[]},{"ancestorTitles":["IntentClassifier — autobiographical lore prompts with affectionate openers"],"fullName":"IntentClassifier — autobiographical lore prompts with affectionate openers \"What happened when you were 17?\" → lore (age marker)","status":"passed","title":"\"What happened when you were 17?\" → lore (age marker)","duration":0.2867999999999711,"failureMessages":[],"meta":{},"tags":[]},{"ancestorTitles":["IntentClassifier — autobiographical lore prompts with affectionate openers"],"fullName":"IntentClassifier — autobiographical lore prompts with affectionate openers \"Tell me about your past\" → lore","status":"passed","title":"\"Tell me about your past\" → lore","duration":0.3386000000000422,"failureMessages":[],"meta":{},"tags":[]},{"ancestorTitles":["IntentClassifier — autobiographical lore prompts with affectionate openers"],"fullName":"IntentClassifier — autobiographical lore prompts with affectionate openers \"Do you remember when you were 17?\" → lore","status":"passed","title":"\"Do you remember when you were 17?\" → lore","duration":0.2586000000000013,"failureMessages":[],"meta":{},"tags":[]},{"ancestorTitles":["IntentClassifier — autobiographical lore prompts with affectionate openers"],"fullName":"IntentClassifier — autobiographical lore prompts with affectionate openers \"So you dont have a memory?\" → lore (memory follow-up, apostrophe omitted as typed)","status":"passed","title":"\"So you dont have a memory?\" → lore (memory follow-up, apostrophe omitted as typed)","duration":0.29100000000005366,"failureMessages":[],"meta":{},"tags":[]},{"ancestorTitles":["IntentClassifier — pure greetings remain greeting"],"fullName":"IntentClassifier — pure greetings remain greeting \"Good morning\" → greeting","status":"passed","title":"\"Good morning\" → greeting","duration":0.23630000000002838,"failureMessages":[],"meta":{},"tags":[]},{"ancestorTitles":["IntentClassifier — pure greetings remain greeting"],"fullName":"IntentClassifier — pure greetings remain greeting \"Good morning baby\" → greeting (no lore content)","status":"passed","title":"\"Good morning baby\" → greeting (no lore content)","duration":0.29929999999990287,"failureMessages":[],"meta":{},"tags":[]},{"ancestorTitles":["IntentClassifier — pure greetings remain greeting"],"fullName":"IntentClassifier — pure greetings remain greeting \"Hey, how are you?\" → greeting or social","status":"passed","title":"\"Hey, how are you?\" → greeting or social","duration":0.26740000000006603,"failureMessages":[],"meta":{},"tags":[]},{"ancestorTitles":["TalaContextRouter — greeting suppression policy"],"fullName":"TalaContextRouter — greeting suppression policy pure greeting suppresses retrieval","status":"passed","title":"pure greeting suppresses retrieval","duration":0.5788000000000011,"failureMessages":[],"meta":{},"tags":[]},{"ancestorTitles":["TalaContextRouter — greeting suppression policy"],"fullName":"TalaContextRouter — greeting suppression policy autobiographical prompt does NOT suppress retrieval in RP mode","status":"passed","title":"autobiographical prompt does NOT suppress retrieval in RP mode","duration":0.580600000000004,"failureMessages":[],"meta":{},"tags":[]},{"ancestorTitles":["TalaContextRouter — greeting suppression policy"],"fullName":"TalaContextRouter — greeting suppression policy affectionate opener with lore content does NOT suppress retrieval","status":"passed","title":"affectionate opener with lore content does NOT suppress retrieval","duration":0.5037000000000944,"failureMessages":[],"meta":{},"tags":[]},{"ancestorTitles":["TalaContextRouter — greeting suppression policy"],"fullName":"TalaContextRouter — greeting suppression policy RP autobiographical prompts have approved memories capacity > 0 when memories available","status":"passed","title":"RP autobiographical prompts have approved memories capacity > 0 when memories available","duration":0.7593999999999141,"failureMessages":[],"meta":{},"tags":[]},{"ancestorTitles":["MemoryFilter.resolveContradictions — lore source priority"],"fullName":"MemoryFilter.resolveContradictions — lore source priority for lore intent, diary source outranks explicit/chat source","status":"passed","title":"for lore intent, diary source outranks explicit/chat source","duration":0.5654999999999291,"failureMessages":[],"meta":{},"tags":[]},{"ancestorTitles":["MemoryFilter.resolveContradictions — lore source priority"],"fullName":"MemoryFilter.resolveContradictions — lore source priority for lore intent, rag (LTMF) source outranks explicit/chat source","status":"passed","title":"for lore intent, rag (LTMF) source outranks explicit/chat source","duration":0.3926000000000158,"failureMessages":[],"meta":{},"tags":[]},{"ancestorTitles":["MemoryFilter.resolveContradictions — lore source priority"],"fullName":"MemoryFilter.resolveContradictions — lore source priority for non-lore intent, explicit still outranks rag (default behavior unchanged)","status":"passed","title":"for non-lore intent, explicit still outranks rag (default behavior unchanged)","duration":0.5160000000000764,"failureMessages":[],"meta":{},"tags":[]},{"ancestorTitles":["RP mode — autobiographical reads remain allowed"],"fullName":"RP mode — autobiographical reads remain allowed RP mode still blocks tools (scenario D: browser intent)","status":"passed","title":"RP mode still blocks tools (scenario D: browser intent)","duration":0.6386999999999716,"failureMessages":[],"meta":{},"tags":[]},{"ancestorTitles":["RP mode — autobiographical reads remain allowed"],"fullName":"RP mode — autobiographical reads remain allowed RP mode still blocks memory writes for lore prompts","status":"passed","title":"RP mode still blocks memory writes for lore prompts","duration":0.536200000000008,"failureMessages":[],"meta":{},"tags":[]},{"ancestorTitles":["RP mode — autobiographical reads remain allowed"],"fullName":"RP mode — autobiographical reads remain allowed RP mode allows lore retrieval reads (memory_retrieval in allowedCapabilities)","status":"passed","title":"RP mode allows lore retrieval reads (memory_retrieval in allowedCapabilities)","duration":0.7391999999999825,"failureMessages":[],"meta":{},"tags":[]}],"startTime":1774318611758,"endTime":1774318611802.7393,"status":"passed","message":"","name":"D:/src/client1/tala-app/electron/__tests__/router/IntentAndRpMemory.test.ts"},{"assertionResults":[{"ancestorTitles":["TurnContext — canonical structure"],"fullName":"TurnContext — canonical structure populates all required canonical fields","status":"passed","title":"populates all required canonical fields","duration":11.15300000000002,"failureMessages":[],"meta":{},"tags":[]},{"ancestorTitles":["TurnContext — canonical structure"],"fullName":"TurnContext — canonical structure normalizes rawInput correctly","status":"passed","title":"normalizes rawInput correctly","duration":3.0853000000000748,"failureMessages":[],"meta":{},"tags":[]},{"ancestorTitles":["Memory Write Policy"],"fullName":"Memory Write Policy suppresses memory writes in RP mode","status":"passed","title":"suppresses memory writes in RP mode","duration":1.0738999999999805,"failureMessages":[],"meta":{},"tags":[]},{"ancestorTitles":["Memory Write Policy"],"fullName":"Memory Write Policy suppresses memory writes for greeting turns","status":"passed","title":"suppresses memory writes for greeting turns","duration":1.0224000000000615,"failureMessages":[],"meta":{},"tags":[]},{"ancestorTitles":["Memory Write Policy"],"fullName":"Memory Write Policy allows short-term writes in hybrid mode","status":"passed","title":"allows short-term writes in hybrid mode","duration":0.8670999999999367,"failureMessages":[],"meta":{},"tags":[]},{"ancestorTitles":["Memory Write Policy"],"fullName":"Memory Write Policy approves long-term writes for technical queries in assistant mode","status":"passed","title":"approves long-term writes for technical queries in assistant mode","duration":1.429200000000037,"failureMessages":[],"meta":{},"tags":[]},{"ancestorTitles":["Mode Gating — capability enforcement"],"fullName":"Mode Gating — capability enforcement blocks tools (not all) in RP mode and allows memory_retrieval","status":"passed","title":"blocks tools (not all) in RP mode and allows memory_retrieval","duration":0.9098999999999933,"failureMessages":[],"meta":{},"tags":[]},{"ancestorTitles":["Mode Gating — capability enforcement"],"fullName":"Mode Gating — capability enforcement allows all capabilities in assistant mode for substantive queries","status":"passed","title":"allows all capabilities in assistant mode for substantive queries","duration":0.8280999999999494,"failureMessages":[],"meta":{},"tags":[]},{"ancestorTitles":["Mode Gating — capability enforcement"],"fullName":"Mode Gating — capability enforcement blocks memory_retrieval for greeting turns regardless of mode","status":"passed","title":"blocks memory_retrieval for greeting turns regardless of mode","duration":1.0720999999999776,"failureMessages":[],"meta":{},"tags":[]},{"ancestorTitles":["Mode Gating — capability enforcement"],"fullName":"Mode Gating — capability enforcement records mode in TurnContext for audit","status":"passed","title":"records mode in TurnContext for audit","duration":0.9308000000000902,"failureMessages":[],"meta":{},"tags":[]},{"ancestorTitles":["MCP Service Health States"],"fullName":"MCP Service Health States returns null for unknown server","status":"passed","title":"returns null for unknown server","duration":0.3791999999999689,"failureMessages":[],"meta":{},"tags":[]},{"ancestorTitles":["MCP Service Health States"],"fullName":"MCP Service Health States isServiceCallable returns false for unknown server","status":"passed","title":"isServiceCallable returns false for unknown server","duration":0.1490999999999758,"failureMessages":[],"meta":{},"tags":[]},{"ancestorTitles":["MCP Service Health States"],"fullName":"MCP Service Health States getAllServiceHealth returns empty array when no connections","status":"passed","title":"getAllServiceHealth returns empty array when no connections","duration":0.8530999999999267,"failureMessages":[],"meta":{},"tags":[]},{"ancestorTitles":["MCP Service Health States"],"fullName":"MCP Service Health States ServerState enum includes all required lifecycle states","status":"passed","title":"ServerState enum includes all required lifecycle states","duration":0.3956999999999198,"failureMessages":[],"meta":{},"tags":[]},{"ancestorTitles":["MCP Service Health States"],"fullName":"MCP Service Health States READY is an alias for CONNECTED","status":"passed","title":"READY is an alias for CONNECTED","duration":0.14400000000000546,"failureMessages":[],"meta":{},"tags":[]},{"ancestorTitles":["ArtifactRouter — routing decisions and fallback"],"fullName":"ArtifactRouter — routing decisions and fallback routes short chat text to chat channel","status":"passed","title":"routes short chat text to chat channel","duration":0.48689999999999145,"failureMessages":[],"meta":{},"tags":[]},{"ancestorTitles":["ArtifactRouter — routing decisions and fallback"],"fullName":"ArtifactRouter — routing decisions and fallback routes raw content override to chat regardless of length","status":"passed","title":"routes raw content override to chat regardless of length","duration":0.5543999999999869,"failureMessages":[],"meta":{},"tags":[]},{"ancestorTitles":["ArtifactRouter — routing decisions and fallback"],"fullName":"ArtifactRouter — routing decisions and fallback routes long output (>2000 chars) to workspace","status":"passed","title":"routes long output (>2000 chars) to workspace","duration":1.853399999999965,"failureMessages":[],"meta":{},"tags":[]},{"ancestorTitles":["ArtifactRouter — routing decisions and fallback"],"fullName":"ArtifactRouter — routing decisions and fallback routes HTML content to browser channel","status":"passed","title":"routes HTML content to browser channel","duration":0.3790000000000191,"failureMessages":[],"meta":{},"tags":[]},{"ancestorTitles":["ArtifactRouter — routing decisions and fallback"],"fullName":"ArtifactRouter — routing decisions and fallback routes file read tool result to workspace","status":"passed","title":"routes file read tool result to workspace","duration":0.5895999999999049,"failureMessages":[],"meta":{},"tags":[]},{"ancestorTitles":["ArtifactRouter — routing decisions and fallback"],"fullName":"ArtifactRouter — routing decisions and fallback routes browser navigation tool result to browser channel","status":"passed","title":"routes browser navigation tool result to browser channel","duration":0.3007000000000062,"failureMessages":[],"meta":{},"tags":[]},{"ancestorTitles":["ArtifactRouter — routing decisions and fallback"],"fullName":"ArtifactRouter — routing decisions and fallback generates stable IDs for the same path","status":"passed","title":"generates stable IDs for the same path","duration":0.3040999999999485,"failureMessages":[],"meta":{},"tags":[]},{"ancestorTitles":["ArtifactRouter — routing decisions and fallback"],"fullName":"ArtifactRouter — routing decisions and fallback generates different IDs for different paths","status":"passed","title":"generates different IDs for different paths","duration":0.38630000000000564,"failureMessages":[],"meta":{},"tags":[]},{"ancestorTitles":["ArtifactRouter — routing decisions and fallback"],"fullName":"ArtifactRouter — routing decisions and fallback includes routingReason in all outputs","status":"passed","title":"includes routingReason in all outputs","duration":1.0069999999999482,"failureMessages":[],"meta":{},"tags":[]}],"startTime":1774318612689,"endTime":1774318612721.007,"status":"passed","message":"","name":"D:/src/client1/tala-app/electron/__tests__/router/Phase1Hardening.test.ts"},{"assertionResults":[{"ancestorTitles":["TelemetryService — canonical emission"],"fullName":"TelemetryService — canonical emission emits an event with all required canonical fields","status":"passed","title":"emits an event with all required canonical fields","duration":7.080600000000004,"failureMessages":[],"meta":{},"tags":[]},{"ancestorTitles":["TelemetryService — canonical emission"],"fullName":"TelemetryService — canonical emission assigns audit channel to turn_start events","status":"passed","title":"assigns audit channel to turn_start events","duration":0.5773999999999546,"failureMessages":[],"meta":{},"tags":[]},{"ancestorTitles":["TelemetryService — canonical emission"],"fullName":"TelemetryService — canonical emission assigns audit channel to inference_failed events","status":"passed","title":"assigns audit channel to inference_failed events","duration":0.3462999999999852,"failureMessages":[],"meta":{},"tags":[]},{"ancestorTitles":["TelemetryService — canonical emission"],"fullName":"TelemetryService — canonical emission assigns operational channel to inference_started events","status":"passed","title":"assigns operational channel to inference_started events","duration":0.40020000000004075,"failureMessages":[],"meta":{},"tags":[]},{"ancestorTitles":["TelemetryService — canonical emission"],"fullName":"TelemetryService — canonical emission assigns debug channel to debug severity events","status":"passed","title":"assigns debug channel to debug severity events","duration":0.45189999999996644,"failureMessages":[],"meta":{},"tags":[]},{"ancestorTitles":["TelemetryService — canonical emission"],"fullName":"TelemetryService — canonical emission uses global as default turnId when not provided","status":"passed","title":"uses global as default turnId when not provided","duration":0.3135000000000332,"failureMessages":[],"meta":{},"tags":[]},{"ancestorTitles":["TelemetryService — canonical emission"],"fullName":"TelemetryService — canonical emission emits failure status correctly","status":"passed","title":"emits failure status correctly","duration":0.487199999999973,"failureMessages":[],"meta":{},"tags":[]},{"ancestorTitles":["TelemetryService — canonical emission"],"fullName":"TelemetryService — canonical emission emits suppressed status for suppressed retrieval","status":"passed","title":"emits suppressed status for suppressed retrieval","duration":0.28630000000003974,"failureMessages":[],"meta":{},"tags":[]},{"ancestorTitles":["TelemetryService — canonical emission"],"fullName":"TelemetryService — canonical emission includes custom payload in the event","status":"passed","title":"includes custom payload in the event","duration":0.9085000000000036,"failureMessages":[],"meta":{},"tags":[]},{"ancestorTitles":["TelemetryService — canonical emission"],"fullName":"TelemetryService — canonical emission generates unique eventIds for consecutive events","status":"passed","title":"generates unique eventIds for consecutive events","duration":1.275699999999972,"failureMessages":[],"meta":{},"tags":[]},{"ancestorTitles":["TelemetryService — turn reconstruction"],"fullName":"TelemetryService — turn reconstruction reconstructs a complete healthy turn","status":"passed","title":"reconstructs a complete healthy turn","duration":1.4232999999999834,"failureMessages":[],"meta":{},"tags":[]},{"ancestorTitles":["TelemetryService — turn reconstruction"],"fullName":"TelemetryService — turn reconstruction detects errors in a turn with inference failure","status":"passed","title":"detects errors in a turn with inference failure","duration":0.42219999999997526,"failureMessages":[],"meta":{},"tags":[]},{"ancestorTitles":["TelemetryService — turn reconstruction"],"fullName":"TelemetryService — turn reconstruction detects degraded fallback in reconstruction","status":"passed","title":"detects degraded fallback in reconstruction","duration":0.28230000000002065,"failureMessages":[],"meta":{},"tags":[]},{"ancestorTitles":["TelemetryService — turn reconstruction"],"fullName":"TelemetryService — turn reconstruction detects doc retrieval in reconstruction","status":"passed","title":"detects doc retrieval in reconstruction","duration":0.6113000000000284,"failureMessages":[],"meta":{},"tags":[]},{"ancestorTitles":["TelemetryService — turn reconstruction"],"fullName":"TelemetryService — turn reconstruction returns null for empty event list","status":"passed","title":"returns null for empty event list","duration":0.17670000000003938,"failureMessages":[],"meta":{},"tags":[]},{"ancestorTitles":["TelemetryService — turn reconstruction"],"fullName":"TelemetryService — turn reconstruction includes all events in the event sequence","status":"passed","title":"includes all events in the event sequence","duration":0.2985999999999649,"failureMessages":[],"meta":{},"tags":[]}],"startTime":1774318613354,"endTime":1774318613370.2986,"status":"passed","message":"","name":"D:/src/client1/tala-app/electron/__tests__/telemetry/TelemetryService.test.ts"}]}