{"numTotalTestSuites":2,"numPassedTestSuites":0,"numFailedTestSuites":2,"numPendingTestSuites":0,"numTotalTests":8,"numPassedTests":0,"numFailedTests":1,"numPendingTests":7,"numTodoTests":0,"snapshot":{"added":0,"failure":false,"filesAdded":0,"filesRemoved":0,"filesRemovedList":[],"filesUnmatched":0,"filesUpdated":0,"matched":0,"total":0,"unchecked":0,"uncheckedKeysByFile":[],"unmatched":0,"updated":0,"didUpdate":false},"startTime":1774199213142,"success":false,"testResults":[{"assertionResults":[{"ancestorTitles":["ContextAssembly Determinism Proof (Feed 6)"],"fullName":"ContextAssembly Determinism Proof (Feed 6) Proof 1: Same inputs produce identical context and diagnostics","status":"skipped","title":"Proof 1: Same inputs produce identical context and diagnostics","failureMessages":[],"meta":{},"tags":[]},{"ancestorTitles":["ContextAssembly Determinism Proof (Feed 6)"],"fullName":"ContextAssembly Determinism Proof (Feed 6) Proof 2: Cross-layer tie resolves deterministically","status":"skipped","title":"Proof 2: Cross-layer tie resolves deterministically","failureMessages":[],"meta":{},"tags":[]},{"ancestorTitles":["ContextAssembly Determinism Proof (Feed 6)"],"fullName":"ContextAssembly Determinism Proof (Feed 6) Proof 3: Canonical always outranks derived candidates","status":"failed","title":"Proof 3: Canonical always outranks derived candidates","duration":9.557199999999966,"failureMessages":["AssertionError: expected [ ΓÇª(2) ] to include 'excluded.superseded_by_canonical'\n    at Proxy.<anonymous> (file:///D:/src/client1/tala-app/node_modules/@vitest/expect/dist/index.js:1314:15)\n    at Proxy.<anonymous> (file:///D:/src/client1/tala-app/node_modules/@vitest/expect/dist/index.js:1151:15)\n    at Proxy.methodWrapper (file:///D:/src/client1/tala-app/node_modules/chai/index.js:1700:25)\n    at D:/src/client1/tala-app/electron/__tests__/context/ContextAssemblyDeterminism.test.ts:285:38\n    at processTicksAndRejections (node:internal/process/task_queues:105:5)\n    at file:///D:/src/client1/tala-app/node_modules/@vitest/runner/dist/index.js:1258:20"],"meta":{},"tags":[]},{"ancestorTitles":["ContextAssembly Determinism Proof (Feed 6)"],"fullName":"ContextAssembly Determinism Proof (Feed 6) Proof 4: Affective weighting does not break determinism","status":"skipped","title":"Proof 4: Affective weighting does not break determinism","failureMessages":[],"meta":{},"tags":[]},{"ancestorTitles":["ContextAssembly Determinism Proof (Feed 6)"],"fullName":"ContextAssembly Determinism Proof (Feed 6) Proof 5: Token budget enforcement is stable under cross-layer competition","status":"skipped","title":"Proof 5: Token budget enforcement is stable under cross-layer competition","failureMessages":[],"meta":{},"tags":[]},{"ancestorTitles":["ContextAssembly Determinism Proof (Feed 6)"],"fullName":"ContextAssembly Determinism Proof (Feed 6) Proof 6: Source normalization behaves predictably","status":"skipped","title":"Proof 6: Source normalization behaves predictably","failureMessages":[],"meta":{},"tags":[]},{"ancestorTitles":["ContextAssembly Determinism Proof (Feed 6)"],"fullName":"ContextAssembly Determinism Proof (Feed 6) Proof 7: Diagnostics fully explain decisions","status":"skipped","title":"Proof 7: Diagnostics fully explain decisions","failureMessages":[],"meta":{},"tags":[]},{"ancestorTitles":["ContextAssembly Determinism Proof (Feed 6)"],"fullName":"ContextAssembly Determinism Proof (Feed 6) Proof 8: Removing a top candidate changes ranking predictably","status":"skipped","title":"Proof 8: Removing a top candidate changes ranking predictably","failureMessages":[],"meta":{},"tags":[]}],"startTime":1774199213488,"endTime":1774199213497.5571,"status":"failed","message":"","name":"D:/src/client1/tala-app/electron/__tests__/context/ContextAssemblyDeterminism.test.ts"}]}
