{"numTotalTestSuites":2,"numPassedTestSuites":0,"numFailedTestSuites":2,"numPendingTestSuites":0,"numTotalTests":5,"numPassedTests":4,"numFailedTests":1,"numPendingTests":0,"numTodoTests":0,"snapshot":{"added":0,"failure":false,"filesAdded":0,"filesRemoved":0,"filesRemovedList":[],"filesUnmatched":0,"filesUpdated":0,"matched":0,"total":0,"unchecked":0,"uncheckedKeysByFile":[],"unmatched":0,"updated":0,"didUpdate":false},"startTime":1774297845965,"success":false,"testResults":[{"assertionResults":[{"ancestorTitles":["ExternalApiSearchProvider and Health Tracker"],"fullName":"ExternalApiSearchProvider and Health Tracker handles success and records health","status":"passed","title":"handles success and records health","duration":8.871699999999976,"failureMessages":[],"meta":{},"tags":[]},{"ancestorTitles":["ExternalApiSearchProvider and Health Tracker"],"fullName":"ExternalApiSearchProvider and Health Tracker handles 401 error and increments consecutive failure tracker","status":"passed","title":"handles 401 error and increments consecutive failure tracker","duration":5.588599999999985,"failureMessages":[],"meta":{},"tags":[]},{"ancestorTitles":["ExternalApiSearchProvider and Health Tracker"],"fullName":"ExternalApiSearchProvider and Health Tracker throws early if missing api key","status":"passed","title":"throws early if missing api key","duration":1.2974000000000387,"failureMessages":[],"meta":{},"tags":[]},{"ancestorTitles":["ExternalApiSearchProvider and Health Tracker"],"fullName":"ExternalApiSearchProvider and Health Tracker validates normalized results and filters bad ones","status":"failed","title":"validates normalized results and filters bad ones","duration":5.347999999999956,"failureMessages":["AssertionError: the given combination of arguments (null and string) is invalid for this assertion. You can use an array, a map, an object, a set, a string, or a weakset instead of a string\n    at Proxy.<anonymous> (file:///D:/src/client1/tala-app/node_modules/@vitest/expect/dist/index.js:1314:15)\n    at Proxy.<anonymous> (file:///D:/src/client1/tala-app/node_modules/@vitest/expect/dist/index.js:1151:15)\n    at Proxy.methodWrapper (file:///D:/src/client1/tala-app/node_modules/chai/index.js:1700:25)\n    at D:/src/client1/tala-app/tests/ExternalApiSearchProvider.test.ts:131:23\n    at processTicksAndRejections (node:internal/process/task_queues:105:5)\n    at file:///D:/src/client1/tala-app/node_modules/@vitest/runner/dist/index.js:1258:20"],"meta":{},"tags":[]},{"ancestorTitles":["ExternalApiSearchProvider and Health Tracker"],"fullName":"ExternalApiSearchProvider and Health Tracker testProvider export handles success and formats properly","status":"passed","title":"testProvider export handles success and formats properly","duration":1.4190000000000396,"failureMessages":[],"meta":{},"tags":[]}],"startTime":1774297846271,"endTime":1774297846293.419,"status":"failed","message":"","name":"D:/src/client1/tala-app/tests/ExternalApiSearchProvider.test.ts"}]}
